In file included from [01m[K/usr/include/c++/9/cmath:45[m[K,
                 from [01m[K/opt/ros/noetic/include/ros/time.h:55[m[K,
                 from [01m[K/opt/ros/noetic/include/ros/ros.h:38[m[K,
                 from [01m[K/home/pranjal/ws_moveit/src/hello_publisher/scripts/robot.cpp:1[m[K:
[01m[K/home/pranjal/ws_moveit/src/hello_publisher/scripts/robot.cpp:14:14:[m[K [01;31m[Kerror: [m[Kexpected unqualified-id before numeric constant
   14 | const double [01;31m[KM_PI[m[K = 3.14159265358979323846;
      |              [01;31m[K^~~~[m[K
[01m[K/home/pranjal/ws_moveit/src/hello_publisher/scripts/robot.cpp:[m[K In function ‘[01m[Kvoid pick(moveit::planning_interface::MoveGroupInterface&)[m[K’:
[01m[K/home/pranjal/ws_moveit/src/hello_publisher/scripts/robot.cpp:68:26:[m[K [01;31m[Kerror: [m[Kinvalid initialization of reference of type ‘[01m[Ktrajectory_msgs::JointTrajectory&[m[K’ {aka ‘[01m[Ktrajectory_msgs::JointTrajectory_<std::allocator<void> >&[m[K’} from expression of type ‘[01m[K__gnu_cxx::__alloc_traits<std::allocator<moveit_msgs::Grasp_<std::allocator<void> > >, moveit_msgs::Grasp_<std::allocator<void> > >::value_type[m[K’ {aka ‘[01m[Kmoveit_msgs::Grasp_<std::allocator<void> >[m[K’}
   68 |     openGripper(grasps[0][01;31m[K)[m[K; // Adjusted to use moveit_msgs::Grasp
      |                          [01;31m[K^[m[K
[01m[K/home/pranjal/ws_moveit/src/hello_publisher/scripts/robot.cpp:18:52:[m[K [01;36m[Knote: [m[Kin passing argument 1 of ‘[01m[Kvoid openGripper(trajectory_msgs::JointTrajectory&)[m[K’
   18 | void openGripper([01;36m[Ktrajectory_msgs::JointTrajectory& posture[m[K)
      |                  [01;36m[K~~~~~~~~~~~~~~~~~~~~~~~~~~~~~~~~~~^~~~~~~[m[K
[01m[K/home/pranjal/ws_moveit/src/hello_publisher/scripts/robot.cpp:[m[K In function ‘[01m[Kvoid gripperOpenCallback(const ConstPtr&)[m[K’:
[01m[K/home/pranjal/ws_moveit/src/hello_publisher/scripts/robot.cpp:170:17:[m[K [01;31m[Kerror: [m[K‘[01m[Kgrasps[m[K’ was not declared in this scope; did you mean ‘[01m[Kgrasp[m[K’?
  170 |     openGripper([01;31m[Kgrasps[m[K[0].pre_grasp_posture);
      |                 [01;31m[K^~~~~~[m[K
      |                 [32m[Kgrasp[m[K
[01m[K/home/pranjal/ws_moveit/src/hello_publisher/scripts/robot.cpp:172:5:[m[K [01;31m[Kerror: [m[K‘[01m[Kgroup_ptr[m[K’ was not declared in this scope
  172 |     [01;31m[Kgroup_ptr[m[K->setJointValueTarget(grasp.pre_grasp_posture);
      |     [01;31m[K^~~~~~~~~[m[K
[01m[K/home/pranjal/ws_moveit/src/hello_publisher/scripts/robot.cpp:[m[K In function ‘[01m[Kvoid gripperCloseCallback(const ConstPtr&)[m[K’:
[01m[K/home/pranjal/ws_moveit/src/hello_publisher/scripts/robot.cpp:180:5:[m[K [01;31m[Kerror: [m[K‘[01m[Kgroup_ptr[m[K’ was not declared in this scope
  180 |     [01;31m[Kgroup_ptr[m[K->setJointValueTarget(grasp.pre_grasp_posture);
      |     [01;31m[K^~~~~~~~~[m[K
[01m[K/home/pranjal/ws_moveit/src/hello_publisher/scripts/robot.cpp:[m[K In function ‘[01m[Kvoid pickCallback(const ConstPtr&)[m[K’:
[01m[K/home/pranjal/ws_moveit/src/hello_publisher/scripts/robot.cpp:186:11:[m[K [01;31m[Kerror: [m[K‘[01m[Kgroup_ptr[m[K’ was not declared in this scope
  186 |     pick(*[01;31m[Kgroup_ptr[m[K);
      |           [01;31m[K^~~~~~~~~[m[K
[01m[K/home/pranjal/ws_moveit/src/hello_publisher/scripts/robot.cpp:[m[K In function ‘[01m[Kvoid placeCallback(const ConstPtr&)[m[K’:
[01m[K/home/pranjal/ws_moveit/src/hello_publisher/scripts/robot.cpp:192:12:[m[K [01;31m[Kerror: [m[K‘[01m[Kgroup_ptr[m[K’ was not declared in this scope
  192 |     place(*[01;31m[Kgroup_ptr[m[K);
      |            [01;31m[K^~~~~~~~~[m[K
[01m[K/home/pranjal/ws_moveit/src/hello_publisher/scripts/robot.cpp:[m[K In function ‘[01m[Kint main(int, char**)[m[K’:
[01m[K/home/pranjal/ws_moveit/src/hello_publisher/scripts/robot.cpp:206:5:[m[K [01;31m[Kerror: [m[K‘[01m[Kgroup_ptr[m[K’ was not declared in this scope
  206 |     [01;31m[Kgroup_ptr[m[K = &group;
      |     [01;31m[K^~~~~~~~~[m[K
make[2]: *** [CMakeFiles/hello_publisher.dir/build.make:63: CMakeFiles/hello_publisher.dir/scripts/robot.cpp.o] Error 1
make[1]: *** [CMakeFiles/Makefile2:784: CMakeFiles/hello_publisher.dir/all] Error 2
make: *** [Makefile:141: all] Error 2
