[01m[K/home/pranjal/ws_moveit/src/hello_publisher/scripts/robot.cpp:9:1:[m[K [01;31m[Kerror: [m[K‘[01m[Kfrom[m[K’ does not name a type; did you mean ‘[01m[Kfromfp[m[K’?
    9 | [01;31m[Kfrom[m[K std_msgs.msg include String
      | [01;31m[K^~~~[m[K
      | [32m[Kfromfp[m[K
In file included from [01m[K/usr/include/c++/9/cmath:45[m[K,
                 from [01m[K/opt/ros/noetic/include/ros/time.h:55[m[K,
                 from [01m[K/opt/ros/noetic/include/ros/ros.h:38[m[K,
                 from [01m[K/home/pranjal/ws_moveit/src/hello_publisher/scripts/robot.cpp:1[m[K:
[01m[K/home/pranjal/ws_moveit/src/hello_publisher/scripts/robot.cpp:14:14:[m[K [01;31m[Kerror: [m[Kexpected unqualified-id before numeric constant
   14 | const double [01;31m[KM_PI[m[K = 3.14159265358979323846;
      |              [01;31m[K^~~~[m[K
[01m[K/home/pranjal/ws_moveit/src/hello_publisher/scripts/robot.cpp:[m[K In function ‘[01m[Kvoid pick(moveit::planning_interface::MoveGroupInterface&)[m[K’:
[01m[K/home/pranjal/ws_moveit/src/hello_publisher/scripts/robot.cpp:52:25:[m[K [01;31m[Kerror: [m[K‘[01m[Ktau[m[K’ was not declared in this scope; did you mean ‘[01m[Ktan[m[K’?
   52 |     orientation.setRPY(-[01;31m[Ktau[m[K / 4, -tau / 8, -tau / 4);
      |                         [01;31m[K^~~[m[K
      |                         [32m[Ktan[m[K
[01m[K/home/pranjal/ws_moveit/src/hello_publisher/scripts/robot.cpp:68:26:[m[K [01;31m[Kerror: [m[Kinvalid initialization of reference of type ‘[01m[Ktrajectory_msgs::JointTrajectory&[m[K’ {aka ‘[01m[Ktrajectory_msgs::JointTrajectory_<std::allocator<void> >&[m[K’} from expression of type ‘[01m[K__gnu_cxx::__alloc_traits<std::allocator<moveit_msgs::Grasp_<std::allocator<void> > >, moveit_msgs::Grasp_<std::allocator<void> > >::value_type[m[K’ {aka ‘[01m[Kmoveit_msgs::Grasp_<std::allocator<void> >[m[K’}
   68 |     openGripper(grasps[0][01;31m[K)[m[K; // Adjusted to use moveit_msgs::Grasp
      |                          [01;31m[K^[m[K
[01m[K/home/pranjal/ws_moveit/src/hello_publisher/scripts/robot.cpp:18:52:[m[K [01;36m[Knote: [m[Kin passing argument 1 of ‘[01m[Kvoid openGripper(trajectory_msgs::JointTrajectory&)[m[K’
   18 | void openGripper([01;36m[Ktrajectory_msgs::JointTrajectory& posture[m[K)
      |                  [01;36m[K~~~~~~~~~~~~~~~~~~~~~~~~~~~~~~~~~~^~~~~~~[m[K
[01m[K/home/pranjal/ws_moveit/src/hello_publisher/scripts/robot.cpp:[m[K In function ‘[01m[Kvoid place(moveit::planning_interface::MoveGroupInterface&)[m[K’:
[01m[K/home/pranjal/ws_moveit/src/hello_publisher/scripts/robot.cpp:81:30:[m[K [01;31m[Kerror: [m[K‘[01m[Ktau[m[K’ was not declared in this scope; did you mean ‘[01m[Ktan[m[K’?
   81 |     orientation.setRPY(0, 0, [01;31m[Ktau[m[K / 4);
      |                              [01;31m[K^~~[m[K
      |                              [32m[Ktan[m[K
[01m[K/home/pranjal/ws_moveit/src/hello_publisher/scripts/robot.cpp:[m[K At global scope:
[01m[K/home/pranjal/ws_moveit/src/hello_publisher/scripts/robot.cpp:166:42:[m[K [01;31m[Kerror: [m[K‘[01m[KString[m[K’ in namespace ‘[01m[Kstd_msgs[m[K’ does not name a type
  166 | void gripperOpenCallback(const std_msgs::[01;31m[KString[m[K::ConstPtr& msg)
      |                                          [01;31m[K^~~~~~[m[K
[01m[K/home/pranjal/ws_moveit/src/hello_publisher/scripts/robot.cpp:166:58:[m[K [01;31m[Kerror: [m[Kexpected unqualified-id before ‘[01m[K&[m[K’ token
  166 | void gripperOpenCallback(const std_msgs::String::ConstPtr[01;31m[K&[m[K msg)
      |                                                          [01;31m[K^[m[K
[01m[K/home/pranjal/ws_moveit/src/hello_publisher/scripts/robot.cpp:166:58:[m[K [01;31m[Kerror: [m[Kexpected ‘[01m[K)[m[K’ before ‘[01m[K&[m[K’ token
  166 | void gripperOpenCallback[34m[K([m[Kconst std_msgs::String::ConstPtr[01;31m[K&[m[K msg)
      |                         [34m[K~[m[K                                [01;31m[K^[m[K
      |                                                          [32m[K)[m[K
[01m[K/home/pranjal/ws_moveit/src/hello_publisher/scripts/robot.cpp:166:60:[m[K [01;31m[Kerror: [m[Kexpected initializer before ‘[01m[Kmsg[m[K’
  166 | void gripperOpenCallback(const std_msgs::String::ConstPtr& [01;31m[Kmsg[m[K)
      |                                                            [01;31m[K^~~[m[K
[01m[K/home/pranjal/ws_moveit/src/hello_publisher/scripts/robot.cpp:175:43:[m[K [01;31m[Kerror: [m[K‘[01m[KString[m[K’ in namespace ‘[01m[Kstd_msgs[m[K’ does not name a type
  175 | void gripperCloseCallback(const std_msgs::[01;31m[KString[m[K::ConstPtr& msg)
      |                                           [01;31m[K^~~~~~[m[K
[01m[K/home/pranjal/ws_moveit/src/hello_publisher/scripts/robot.cpp:175:59:[m[K [01;31m[Kerror: [m[Kexpected unqualified-id before ‘[01m[K&[m[K’ token
  175 | void gripperCloseCallback(const std_msgs::String::ConstPtr[01;31m[K&[m[K msg)
      |                                                           [01;31m[K^[m[K
[01m[K/home/pranjal/ws_moveit/src/hello_publisher/scripts/robot.cpp:175:59:[m[K [01;31m[Kerror: [m[Kexpected ‘[01m[K)[m[K’ before ‘[01m[K&[m[K’ token
  175 | void gripperCloseCallback[34m[K([m[Kconst std_msgs::String::ConstPtr[01;31m[K&[m[K msg)
      |                          [34m[K~[m[K                                [01;31m[K^[m[K
      |                                                           [32m[K)[m[K
[01m[K/home/pranjal/ws_moveit/src/hello_publisher/scripts/robot.cpp:175:61:[m[K [01;31m[Kerror: [m[Kexpected initializer before ‘[01m[Kmsg[m[K’
  175 | void gripperCloseCallback(const std_msgs::String::ConstPtr& [01;31m[Kmsg[m[K)
      |                                                             [01;31m[K^~~[m[K
[01m[K/home/pranjal/ws_moveit/src/hello_publisher/scripts/robot.cpp:183:35:[m[K [01;31m[Kerror: [m[K‘[01m[KString[m[K’ in namespace ‘[01m[Kstd_msgs[m[K’ does not name a type
  183 | void pickCallback(const std_msgs::[01;31m[KString[m[K::ConstPtr& msg)
      |                                   [01;31m[K^~~~~~[m[K
[01m[K/home/pranjal/ws_moveit/src/hello_publisher/scripts/robot.cpp:183:51:[m[K [01;31m[Kerror: [m[Kexpected unqualified-id before ‘[01m[K&[m[K’ token
  183 | void pickCallback(const std_msgs::String::ConstPtr[01;31m[K&[m[K msg)
      |                                                   [01;31m[K^[m[K
[01m[K/home/pranjal/ws_moveit/src/hello_publisher/scripts/robot.cpp:183:51:[m[K [01;31m[Kerror: [m[Kexpected ‘[01m[K)[m[K’ before ‘[01m[K&[m[K’ token
  183 | void pickCallback[34m[K([m[Kconst std_msgs::String::ConstPtr[01;31m[K&[m[K msg)
      |                  [34m[K~[m[K                                [01;31m[K^[m[K
      |                                                   [32m[K)[m[K
[01m[K/home/pranjal/ws_moveit/src/hello_publisher/scripts/robot.cpp:183:53:[m[K [01;31m[Kerror: [m[Kexpected initializer before ‘[01m[Kmsg[m[K’
  183 | void pickCallback(const std_msgs::String::ConstPtr& [01;31m[Kmsg[m[K)
      |                                                     [01;31m[K^~~[m[K
[01m[K/home/pranjal/ws_moveit/src/hello_publisher/scripts/robot.cpp:189:36:[m[K [01;31m[Kerror: [m[K‘[01m[KString[m[K’ in namespace ‘[01m[Kstd_msgs[m[K’ does not name a type
  189 | void placeCallback(const std_msgs::[01;31m[KString[m[K::ConstPtr& msg)
      |                                    [01;31m[K^~~~~~[m[K
[01m[K/home/pranjal/ws_moveit/src/hello_publisher/scripts/robot.cpp:189:52:[m[K [01;31m[Kerror: [m[Kexpected unqualified-id before ‘[01m[K&[m[K’ token
  189 | void placeCallback(const std_msgs::String::ConstPtr[01;31m[K&[m[K msg)
      |                                                    [01;31m[K^[m[K
[01m[K/home/pranjal/ws_moveit/src/hello_publisher/scripts/robot.cpp:189:52:[m[K [01;31m[Kerror: [m[Kexpected ‘[01m[K)[m[K’ before ‘[01m[K&[m[K’ token
  189 | void placeCallback[34m[K([m[Kconst std_msgs::String::ConstPtr[01;31m[K&[m[K msg)
      |                   [34m[K~[m[K                                [01;31m[K^[m[K
      |                                                    [32m[K)[m[K
[01m[K/home/pranjal/ws_moveit/src/hello_publisher/scripts/robot.cpp:189:54:[m[K [01;31m[Kerror: [m[Kexpected initializer before ‘[01m[Kmsg[m[K’
  189 | void placeCallback(const std_msgs::String::ConstPtr& [01;31m[Kmsg[m[K)
      |                                                      [01;31m[K^~~[m[K
[01m[K/home/pranjal/ws_moveit/src/hello_publisher/scripts/robot.cpp:[m[K In function ‘[01m[Kint main(int, char**)[m[K’:
[01m[K/home/pranjal/ws_moveit/src/hello_publisher/scripts/robot.cpp:206:5:[m[K [01;31m[Kerror: [m[K‘[01m[Kgroup_ptr[m[K’ was not declared in this scope
  206 |     [01;31m[Kgroup_ptr[m[K = &group;
      |     [01;31m[K^~~~~~~~~[m[K
[01m[K/home/pranjal/ws_moveit/src/hello_publisher/scripts/robot.cpp:210:73:[m[K [01;31m[Kerror: [m[K‘[01m[KgripperOpenCallback[m[K’ was not declared in this scope
  210 |     ros::Subscriber sub_gripper_open = nh.subscribe("gripper_open", 10, [01;31m[KgripperOpenCallback[m[K);
      |                                                                         [01;31m[K^~~~~~~~~~~~~~~~~~~[m[K
[01m[K/home/pranjal/ws_moveit/src/hello_publisher/scripts/robot.cpp:211:75:[m[K [01;31m[Kerror: [m[K‘[01m[KgripperCloseCallback[m[K’ was not declared in this scope
  211 |     ros::Subscriber sub_gripper_close = nh.subscribe("gripper_close", 10, [01;31m[KgripperCloseCallback[m[K);
      |                                                                           [01;31m[K^~~~~~~~~~~~~~~~~~~~[m[K
[01m[K/home/pranjal/ws_moveit/src/hello_publisher/scripts/robot.cpp:212:57:[m[K [01;31m[Kerror: [m[K‘[01m[KpickCallback[m[K’ was not declared in this scope
  212 |     ros::Subscriber sub_pick = nh.subscribe("pick", 10, [01;31m[KpickCallback[m[K);
      |                                                         [01;31m[K^~~~~~~~~~~~[m[K
[01m[K/home/pranjal/ws_moveit/src/hello_publisher/scripts/robot.cpp:213:59:[m[K [01;31m[Kerror: [m[K‘[01m[KplaceCallback[m[K’ was not declared in this scope
  213 |     ros::Subscriber sub_place = nh.subscribe("place", 10, [01;31m[KplaceCallback[m[K);
      |                                                           [01;31m[K^~~~~~~~~~~~~[m[K
make[2]: *** [CMakeFiles/hello_publisher.dir/build.make:63: CMakeFiles/hello_publisher.dir/scripts/robot.cpp.o] Error 1
make[1]: *** [CMakeFiles/Makefile2:784: CMakeFiles/hello_publisher.dir/all] Error 2
make: *** [Makefile:141: all] Error 2
