Warning: Cannot symlink from /home/pranjal/ws_moveit/devel/.private/hello_publisher/lib/libcontroller_manager_example.so to existing file /home/pranjal/ws_moveit/devel/lib/libcontroller_manager_example.so
Warning: Source hash: f6abcfe67fec9de5d2fedb87484284a4
Warning: Dest hash: bef4d1447ae7cc795c5052611755df85
Warning: Cannot symlink from /home/pranjal/ws_moveit/devel/.private/hello_publisher/lib/libinteractivity_utils.so to existing file /home/pranjal/ws_moveit/devel/lib/libinteractivity_utils.so
Warning: Source hash: 0d8e76d32cf2549545c19d6e9cac9263
Warning: Dest hash: 729a2c56efd9db6d7bb0a5d8a033c5ea
Warning: Cannot symlink from /home/pranjal/ws_moveit/devel/.private/hello_publisher/lib/libmoveit_lerp_planner_plugin.so to existing file /home/pranjal/ws_moveit/devel/lib/libmoveit_lerp_planner_plugin.so
Warning: Source hash: 39cbef2c1c9627d3c4e3c27fa285c1a4
Warning: Dest hash: b546bdd2ecc9d408c87fd0ea5ae19253
Linked: (/home/pranjal/ws_moveit/devel/.private/hello_publisher/lib/libmoveit_lerp_planner_plugin.so.0.0.0, /home/pranjal/ws_moveit/devel/lib/libmoveit_lerp_planner_plugin.so.0.0.0)
Linked: (/home/pranjal/ws_moveit/devel/.private/hello_publisher/lib/hello_publisher/state_display_tutorial, /home/pranjal/ws_moveit/devel/lib/hello_publisher/state_display_tutorial)
Linked: (/home/pranjal/ws_moveit/devel/.private/hello_publisher/lib/hello_publisher/lerp_example, /home/pranjal/ws_moveit/devel/lib/hello_publisher/lerp_example)
Linked: (/home/pranjal/ws_moveit/devel/.private/hello_publisher/lib/hello_publisher/trajopt_example, /home/pranjal/ws_moveit/devel/lib/hello_publisher/trajopt_example)
Linked: (/home/pranjal/ws_moveit/devel/.private/hello_publisher/lib/hello_publisher/hello_publisher, /home/pranjal/ws_moveit/devel/lib/hello_publisher/hello_publisher)
Linked: (/home/pranjal/ws_moveit/devel/.private/hello_publisher/lib/hello_publisher/pick_place_tutorial, /home/pranjal/ws_moveit/devel/lib/hello_publisher/pick_place_tutorial)
Linked: (/home/pranjal/ws_moveit/devel/.private/hello_publisher/lib/hello_publisher/visualizing_collisions_tutorial, /home/pranjal/ws_moveit/devel/lib/hello_publisher/visualizing_collisions_tutorial)
Linked: (/home/pranjal/ws_moveit/devel/.private/hello_publisher/lib/hello_publisher/motion_planning_api_tutorial, /home/pranjal/ws_moveit/devel/lib/hello_publisher/motion_planning_api_tutorial)
Linked: (/home/pranjal/ws_moveit/devel/.private/hello_publisher/lib/hello_publisher/move_group_python_interface_tutorial.py, /home/pranjal/ws_moveit/devel/lib/hello_publisher/move_group_python_interface_tutorial.py)
Linked: (/home/pranjal/ws_moveit/devel/.private/hello_publisher/lib/hello_publisher/ros_api_tutorial, /home/pranjal/ws_moveit/devel/lib/hello_publisher/ros_api_tutorial)
Linked: (/home/pranjal/ws_moveit/devel/.private/hello_publisher/lib/hello_publisher/collision_scene_example.py, /home/pranjal/ws_moveit/devel/lib/hello_publisher/collision_scene_example.py)
Linked: (/home/pranjal/ws_moveit/devel/.private/hello_publisher/lib/hello_publisher/motion_planning_pipeline_tutorial, /home/pranjal/ws_moveit/devel/lib/hello_publisher/motion_planning_pipeline_tutorial)
Linked: (/home/pranjal/ws_moveit/devel/.private/hello_publisher/lib/hello_publisher/planning_scene_tutorial, /home/pranjal/ws_moveit/devel/lib/hello_publisher/planning_scene_tutorial)
Linked: (/home/pranjal/ws_moveit/devel/.private/hello_publisher/lib/hello_publisher/subframes_tutorial, /home/pranjal/ws_moveit/devel/lib/hello_publisher/subframes_tutorial)
Linked: (/home/pranjal/ws_moveit/devel/.private/hello_publisher/lib/hello_publisher/moveit_cpp_tutorial, /home/pranjal/ws_moveit/devel/lib/hello_publisher/moveit_cpp_tutorial)
Linked: (/home/pranjal/ws_moveit/devel/.private/hello_publisher/lib/hello_publisher/planning_scene_ros_api_tutorial, /home/pranjal/ws_moveit/devel/lib/hello_publisher/planning_scene_ros_api_tutorial)
Linked: (/home/pranjal/ws_moveit/devel/.private/hello_publisher/lib/hello_publisher/move_group_interface_tutorial, /home/pranjal/ws_moveit/devel/lib/hello_publisher/move_group_interface_tutorial)
Linked: (/home/pranjal/ws_moveit/devel/.private/hello_publisher/lib/hello_publisher/bullet_collision_checker_tutorial, /home/pranjal/ws_moveit/devel/lib/hello_publisher/bullet_collision_checker_tutorial)
Linked: (/home/pranjal/ws_moveit/devel/.private/hello_publisher/lib/hello_publisher/bag_publisher_maintain_time, /home/pranjal/ws_moveit/devel/lib/hello_publisher/bag_publisher_maintain_time)
Linked: (/home/pranjal/ws_moveit/devel/.private/hello_publisher/lib/hello_publisher/detect_and_add_cylinder_collision_object_demo, /home/pranjal/ws_moveit/devel/lib/hello_publisher/detect_and_add_cylinder_collision_object_demo)
Linked: (/home/pranjal/ws_moveit/devel/.private/hello_publisher/lib/hello_publisher/cmake.lock, /home/pranjal/ws_moveit/devel/lib/hello_publisher/cmake.lock)
Linked: (/home/pranjal/ws_moveit/devel/.private/hello_publisher/lib/hello_publisher/robot_model_and_robot_state_tutorial, /home/pranjal/ws_moveit/devel/lib/hello_publisher/robot_model_and_robot_state_tutorial)
Linked: (/home/pranjal/ws_moveit/devel/.private/hello_publisher/lib/pkgconfig/hello_publisher.pc, /home/pranjal/ws_moveit/devel/lib/pkgconfig/hello_publisher.pc)
Linked: (/home/pranjal/ws_moveit/devel/.private/hello_publisher/lib/python3/dist-packages/hello_publisher/__init__.py, /home/pranjal/ws_moveit/devel/lib/python3/dist-packages/hello_publisher/__init__.py)
Linked: (/home/pranjal/ws_moveit/devel/.private/hello_publisher/lib/python3/dist-packages/hello_publisher/msg/_hello.py, /home/pranjal/ws_moveit/devel/lib/python3/dist-packages/hello_publisher/msg/_hello.py)
Linked: (/home/pranjal/ws_moveit/devel/.private/hello_publisher/lib/python3/dist-packages/hello_publisher/msg/__init__.py, /home/pranjal/ws_moveit/devel/lib/python3/dist-packages/hello_publisher/msg/__init__.py)
Linked: (/home/pranjal/ws_moveit/devel/.private/hello_publisher/include/hello_publisher/hello.h, /home/pranjal/ws_moveit/devel/include/hello_publisher/hello.h)
Linked: (/home/pranjal/ws_moveit/devel/.private/hello_publisher/share/hello_publisher/cmake/hello_publisher-msg-paths.cmake, /home/pranjal/ws_moveit/devel/share/hello_publisher/cmake/hello_publisher-msg-paths.cmake)
Linked: (/home/pranjal/ws_moveit/devel/.private/hello_publisher/share/hello_publisher/cmake/hello_publisherConfig-version.cmake, /home/pranjal/ws_moveit/devel/share/hello_publisher/cmake/hello_publisherConfig-version.cmake)
Linked: (/home/pranjal/ws_moveit/devel/.private/hello_publisher/share/hello_publisher/cmake/hello_publisher-msg-extras.cmake, /home/pranjal/ws_moveit/devel/share/hello_publisher/cmake/hello_publisher-msg-extras.cmake)
Linked: (/home/pranjal/ws_moveit/devel/.private/hello_publisher/share/hello_publisher/cmake/hello_publisherConfig.cmake, /home/pranjal/ws_moveit/devel/share/hello_publisher/cmake/hello_publisherConfig.cmake)
Linked: (/home/pranjal/ws_moveit/devel/.private/hello_publisher/share/gennodejs/ros/hello_publisher/_index.js, /home/pranjal/ws_moveit/devel/share/gennodejs/ros/hello_publisher/_index.js)
Linked: (/home/pranjal/ws_moveit/devel/.private/hello_publisher/share/gennodejs/ros/hello_publisher/msg/hello.js, /home/pranjal/ws_moveit/devel/share/gennodejs/ros/hello_publisher/msg/hello.js)
Linked: (/home/pranjal/ws_moveit/devel/.private/hello_publisher/share/gennodejs/ros/hello_publisher/msg/_index.js, /home/pranjal/ws_moveit/devel/share/gennodejs/ros/hello_publisher/msg/_index.js)
Linked: (/home/pranjal/ws_moveit/devel/.private/hello_publisher/share/roseus/ros/hello_publisher/manifest.l, /home/pranjal/ws_moveit/devel/share/roseus/ros/hello_publisher/manifest.l)
Linked: (/home/pranjal/ws_moveit/devel/.private/hello_publisher/share/roseus/ros/hello_publisher/msg/hello.l, /home/pranjal/ws_moveit/devel/share/roseus/ros/hello_publisher/msg/hello.l)
Linked: (/home/pranjal/ws_moveit/devel/.private/hello_publisher/share/common-lisp/ros/hello_publisher/msg/_package.lisp, /home/pranjal/ws_moveit/devel/share/common-lisp/ros/hello_publisher/msg/_package.lisp)
Linked: (/home/pranjal/ws_moveit/devel/.private/hello_publisher/share/common-lisp/ros/hello_publisher/msg/_package_hello.lisp, /home/pranjal/ws_moveit/devel/share/common-lisp/ros/hello_publisher/msg/_package_hello.lisp)
Linked: (/home/pranjal/ws_moveit/devel/.private/hello_publisher/share/common-lisp/ros/hello_publisher/msg/hello_publisher-msg.asd, /home/pranjal/ws_moveit/devel/share/common-lisp/ros/hello_publisher/msg/hello_publisher-msg.asd)
Linked: (/home/pranjal/ws_moveit/devel/.private/hello_publisher/share/common-lisp/ros/hello_publisher/msg/hello.lisp, /home/pranjal/ws_moveit/devel/share/common-lisp/ros/hello_publisher/msg/hello.lisp)
