[  4%] Built target controller_manager_example
[  8%] Built target ros_api_tutorial
[ 16%] Built target interactivity_utils
[ 20%] Built target motion_planning_api_tutorial
[ 25%] Built target motion_planning_pipeline_tutorial
[35m[1mScanning dependencies of target continous[0m
[ 29%] Built target bag_publisher_maintain_time
[ 33%] Built target move_group_interface_tutorial
[ 37%] Built target direction
[ 41%] Built target detect_and_add_cylinder_collision_object_demo
[ 45%] Built target pick_place_tutorial
[ 50%] Built target planning_scene_tutorial
[ 54%] Built target robot_model_and_robot_state_tutorial
[ 58%] Built target planning_scene_ros_api_tutorial
[ 62%] Built target state_display_tutorial
[ 66%] Built target subframes_tutorial
[ 70%] Built target trajopt_example
[ 72%] [32mBuilding CXX object doc/pick_place/CMakeFiles/continous.dir/src/continous.cpp.o[0m
[ 77%] Built target lerp_example
[ 81%] Built target moveit_cpp_tutorial
[ 89%] Built target moveit_lerp_planner_plugin
[ 93%] Built target bullet_collision_checker_tutorial
[ 97%] Built target visualizing_collisions_tutorial
[100%] [32m[1mLinking CXX executable /home/pranjal/ws_moveit/devel/.private/robotcontrolapp/lib/robotcontrolapp/continous[0m
[100%] Built target continous
