/usr/bin/ld: CMakeFiles/continous_node.dir/src/continous.cpp.o: in function `continuousMovement()':
continous.cpp:(.text+0x31): undefined reference to `ros::Rate::Rate(double)'
/usr/bin/ld: continous.cpp:(.text+0xa6): undefined reference to `moveit::planning_interface::MoveGroupInterface::setPoseTarget(geometry_msgs::Pose_<std::allocator<void> > const&, std::__cxx11::basic_string<char, std::char_traits<char>, std::allocator<char> > const&)'
/usr/bin/ld: continous.cpp:(.text+0xc4): undefined reference to `moveit::planning_interface::MoveGroupInterface::move()'
/usr/bin/ld: continous.cpp:(.text+0xcc): undefined reference to `ros::Rate::sleep()'
/usr/bin/ld: continous.cpp:(.text+0xd1): undefined reference to `ros::ok()'
/usr/bin/ld: continous.cpp:(.text+0x10d): undefined reference to `moveit::planning_interface::MoveGroupInterface::getCurrentPose(std::__cxx11::basic_string<char, std::char_traits<char>, std::allocator<char> > const&) const'
/usr/bin/ld: CMakeFiles/continous_node.dir/src/continous.cpp.o: in function `stopRobot()':
continous.cpp:(.text+0x400): undefined reference to `moveit::planning_interface::MoveGroupInterface::stop()'
/usr/bin/ld: CMakeFiles/continous_node.dir/src/continous.cpp.o: in function `helloCallback(boost::shared_ptr<std_msgs::String_<std::allocator<void> > const> const&)':
continous.cpp:(.text+0x623): undefined reference to `ros::console::g_initialized'
/usr/bin/ld: continous.cpp:(.text+0x67e): undefined reference to `ros::console::print(ros::console::FilterBase*, void*, ros::console::levels::Level, char const*, int, char const*, char const*, ...)'
/usr/bin/ld: continous.cpp:(.text+0x699): undefined reference to `ros::console::initialize()'
/usr/bin/ld: continous.cpp:(.text+0x6ac): undefined reference to `ros::console::setLogLocationLevel(ros::console::LogLocation*, ros::console::levels::Level)'
/usr/bin/ld: continous.cpp:(.text+0x6b8): undefined reference to `ros::console::checkLogLocationEnabled(ros::console::LogLocation*)'
/usr/bin/ld: continous.cpp:(.text+0x6e4): undefined reference to `ros::console::initializeLogLocation(ros::console::LogLocation*, std::__cxx11::basic_string<char, std::char_traits<char>, std::allocator<char> > const&, ros::console::levels::Level)'
/usr/bin/ld: CMakeFiles/continous_node.dir/src/continous.cpp.o: in function `main.cold':
continous.cpp:(.text.unlikely+0xa3): undefined reference to `ros::NodeHandle::~NodeHandle()'
/usr/bin/ld: continous.cpp:(.text.unlikely+0x109): undefined reference to `moveit::planning_interface::MoveGroupInterface::~MoveGroupInterface()'
/usr/bin/ld: continous.cpp:(.text.unlikely+0x11f): undefined reference to `ros::Subscriber::~Subscriber()'
/usr/bin/ld: CMakeFiles/continous_node.dir/src/continous.cpp.o: in function `std::thread::thread<void (&)(), , void>(void (&)())':
continous.cpp:(.text._ZNSt6threadC2IRFvvEJEvEEOT_DpOT0_[_ZNSt6threadC5IRFvvEJEvEEOT_DpOT0_]+0x44): undefined reference to `pthread_create'
/usr/bin/ld: CMakeFiles/continous_node.dir/src/continous.cpp.o: in function `ros::Subscriber ros::NodeHandle::subscribe<std_msgs::String_<std::allocator<void> > >(std::__cxx11::basic_string<char, std::char_traits<char>, std::allocator<char> > const&, unsigned int, void (*)(boost::shared_ptr<std_msgs::String_<std::allocator<void> > const> const&), ros::TransportHints const&)':
continous.cpp:(.text._ZN3ros10NodeHandle9subscribeIN8std_msgs7String_ISaIvEEEEENS_10SubscriberERKNSt7__cxx1112basic_stringIcSt11char_traitsIcESaIcEEEjPFvRKN5boost10shared_ptrIKT_EEERKNS_14TransportHintsE[_ZN3ros10NodeHandle9subscribeIN8std_msgs7String_ISaIvEEEEENS_10SubscriberERKNSt7__cxx1112basic_stringIcSt11char_traitsIcESaIcEEEjPFvRKN5boost10shared_ptrIKT_EEERKNS_14TransportHintsE]+0x2aa): undefined reference to `ros::NodeHandle::subscribe(ros::SubscribeOptions&)'
/usr/bin/ld: CMakeFiles/continous_node.dir/src/continous.cpp.o: in function `main':
continous.cpp:(.text.startup+0x54): undefined reference to `ros::init(int&, char**, std::__cxx11::basic_string<char, std::char_traits<char>, std::allocator<char> > const&, unsigned int)'
/usr/bin/ld: continous.cpp:(.text.startup+0xdc): undefined reference to `ros::NodeHandle::NodeHandle(std::__cxx11::basic_string<char, std::char_traits<char>, std::allocator<char> > const&, std::map<std::__cxx11::basic_string<char, std::char_traits<char>, std::allocator<char> >, std::__cxx11::basic_string<char, std::char_traits<char>, std::allocator<char> >, std::less<std::__cxx11::basic_string<char, std::char_traits<char>, std::allocator<char> > >, std::allocator<std::pair<std::__cxx11::basic_string<char, std::char_traits<char>, std::allocator<char> > const, std::__cxx11::basic_string<char, std::char_traits<char>, std::allocator<char> > > > > const&)'
/usr/bin/ld: continous.cpp:(.text.startup+0x137): undefined reference to `moveit::planning_interface::MoveGroupInterface::MoveGroupInterface(std::__cxx11::basic_string<char, std::char_traits<char>, std::allocator<char> > const&, std::shared_ptr<tf2_ros::Buffer> const&, ros::WallDuration const&)'
/usr/bin/ld: continous.cpp:(.text.startup+0x168): undefined reference to `moveit::planning_interface::MoveGroupInterface::setPlanningTime(double)'
/usr/bin/ld: continous.cpp:(.text.startup+0x178): undefined reference to `moveit::planning_interface::MoveGroupInterface::setMaxVelocityScalingFactor(double)'
/usr/bin/ld: continous.cpp:(.text.startup+0x23f): undefined reference to `ros::spin()'
/usr/bin/ld: continous.cpp:(.text.startup+0x257): undefined reference to `ros::Subscriber::~Subscriber()'
/usr/bin/ld: continous.cpp:(.text.startup+0x25f): undefined reference to `moveit::planning_interface::MoveGroupInterface::~MoveGroupInterface()'
/usr/bin/ld: continous.cpp:(.text.startup+0x267): undefined reference to `ros::NodeHandle::~NodeHandle()'
/usr/bin/ld: CMakeFiles/continous_node.dir/src/continous.cpp.o: in function `ros::SubscriptionCallbackHelperT<boost::shared_ptr<std_msgs::String_<std::allocator<void> > const> const&, void>::deserialize(ros::SubscriptionCallbackHelperDeserializeParams const&)':
continous.cpp:(.text._ZN3ros27SubscriptionCallbackHelperTIRKN5boost10shared_ptrIKN8std_msgs7String_ISaIvEEEEEvE11deserializeERKNS_43SubscriptionCallbackHelperDeserializeParamsE[_ZN3ros27SubscriptionCallbackHelperTIRKN5boost10shared_ptrIKN8std_msgs7String_ISaIvEEEEEvE11deserializeERKNS_43SubscriptionCallbackHelperDeserializeParamsE]+0x212): undefined reference to `ros::console::g_initialized'
/usr/bin/ld: continous.cpp:(.text._ZN3ros27SubscriptionCallbackHelperTIRKN5boost10shared_ptrIKN8std_msgs7String_ISaIvEEEEEvE11deserializeERKNS_43SubscriptionCallbackHelperDeserializeParamsE[_ZN3ros27SubscriptionCallbackHelperTIRKN5boost10shared_ptrIKN8std_msgs7String_ISaIvEEEEEvE11deserializeERKNS_43SubscriptionCallbackHelperDeserializeParamsE]+0x3c9): undefined reference to `ros::serialization::throwStreamOverrun()'
/usr/bin/ld: continous.cpp:(.text._ZN3ros27SubscriptionCallbackHelperTIRKN5boost10shared_ptrIKN8std_msgs7String_ISaIvEEEEEvE11deserializeERKNS_43SubscriptionCallbackHelperDeserializeParamsE[_ZN3ros27SubscriptionCallbackHelperTIRKN5boost10shared_ptrIKN8std_msgs7String_ISaIvEEEEEvE11deserializeERKNS_43SubscriptionCallbackHelperDeserializeParamsE]+0x411): undefined reference to `ros::serialization::throwStreamOverrun()'
/usr/bin/ld: continous.cpp:(.text._ZN3ros27SubscriptionCallbackHelperTIRKN5boost10shared_ptrIKN8std_msgs7String_ISaIvEEEEEvE11deserializeERKNS_43SubscriptionCallbackHelperDeserializeParamsE[_ZN3ros27SubscriptionCallbackHelperTIRKN5boost10shared_ptrIKN8std_msgs7String_ISaIvEEEEEvE11deserializeERKNS_43SubscriptionCallbackHelperDeserializeParamsE]+0x4a1): undefined reference to `ros::console::initialize()'
/usr/bin/ld: continous.cpp:(.text._ZN3ros27SubscriptionCallbackHelperTIRKN5boost10shared_ptrIKN8std_msgs7String_ISaIvEEEEEvE11deserializeERKNS_43SubscriptionCallbackHelperDeserializeParamsE[_ZN3ros27SubscriptionCallbackHelperTIRKN5boost10shared_ptrIKN8std_msgs7String_ISaIvEEEEEvE11deserializeERKNS_43SubscriptionCallbackHelperDeserializeParamsE]+0x513): undefined reference to `ros::console::initializeLogLocation(ros::console::LogLocation*, std::__cxx11::basic_string<char, std::char_traits<char>, std::allocator<char> > const&, ros::console::levels::Level)'
/usr/bin/ld: continous.cpp:(.text._ZN3ros27SubscriptionCallbackHelperTIRKN5boost10shared_ptrIKN8std_msgs7String_ISaIvEEEEEvE11deserializeERKNS_43SubscriptionCallbackHelperDeserializeParamsE[_ZN3ros27SubscriptionCallbackHelperTIRKN5boost10shared_ptrIKN8std_msgs7String_ISaIvEEEEEvE11deserializeERKNS_43SubscriptionCallbackHelperDeserializeParamsE]+0x53a): undefined reference to `ros::console::setLogLocationLevel(ros::console::LogLocation*, ros::console::levels::Level)'
/usr/bin/ld: continous.cpp:(.text._ZN3ros27SubscriptionCallbackHelperTIRKN5boost10shared_ptrIKN8std_msgs7String_ISaIvEEEEEvE11deserializeERKNS_43SubscriptionCallbackHelperDeserializeParamsE[_ZN3ros27SubscriptionCallbackHelperTIRKN5boost10shared_ptrIKN8std_msgs7String_ISaIvEEEEEvE11deserializeERKNS_43SubscriptionCallbackHelperDeserializeParamsE]+0x546): undefined reference to `ros::console::checkLogLocationEnabled(ros::console::LogLocation*)'
/usr/bin/ld: continous.cpp:(.text._ZN3ros27SubscriptionCallbackHelperTIRKN5boost10shared_ptrIKN8std_msgs7String_ISaIvEEEEEvE11deserializeERKNS_43SubscriptionCallbackHelperDeserializeParamsE[_ZN3ros27SubscriptionCallbackHelperTIRKN5boost10shared_ptrIKN8std_msgs7String_ISaIvEEEEEvE11deserializeERKNS_43SubscriptionCallbackHelperDeserializeParamsE]+0x599): undefined reference to `ros::console::print(ros::console::FilterBase*, void*, ros::console::levels::Level, char const*, int, char const*, char const*, ...)'
collect2: error: ld returned 1 exit status
make[2]: *** [CMakeFiles/continous_node.dir/build.make:84: /home/pranjal/ws_moveit/devel/.private/robotcontrolapp/lib/robotcontrolapp/continous_node] Error 1
make[1]: *** [CMakeFiles/Makefile2:3495: CMakeFiles/continous_node.dir/all] Error 2
make: *** [Makefile:141: all] Error 2
