[  4%] Built target controller_manager_example
[ 12%] Built target interactivity_utils
[ 16%] Built target motion_planning_api_tutorial
[ 20%] Built target ros_api_tutorial
[ 25%] Built target move_group_interface_tutorial
[ 29%] Built target motion_planning_pipeline_tutorial
[35m[1mScanning dependencies of target continous[0m
[ 33%] Built target bag_publisher_maintain_time
[ 37%] Built target detect_and_add_cylinder_collision_object_demo
[ 41%] Built target direction
[ 45%] Built target pick_place_tutorial
[ 50%] Built target planning_scene_tutorial
[ 54%] Built target planning_scene_ros_api_tutorial
[ 58%] Built target robot_model_and_robot_state_tutorial
[ 62%] Built target state_display_tutorial
[ 64%] [32mBuilding CXX object doc/pick_place/CMakeFiles/continous.dir/src/continous.cpp.o[0m
[ 68%] Built target trajopt_example
[ 72%] Built target subframes_tutorial
[ 77%] Built target lerp_example
[ 85%] Built target moveit_lerp_planner_plugin
[ 89%] Built target moveit_cpp_tutorial
[ 93%] Built target visualizing_collisions_tutorial
[ 97%] Built target bullet_collision_checker_tutorial
[01m[K/home/pranjal/ws_moveit/src/robotcontrolapp/doc/pick_place/src/continous.cpp:[m[K In function ‘[01m[Kvoid moveUp()[m[K’:
[01m[K/home/pranjal/ws_moveit/src/robotcontrolapp/doc/pick_place/src/continous.cpp:60:5:[m[K [01;31m[Kerror: [m[K‘[01m[KlogTimestamp[m[K’ was not declared in this scope
   60 |     [01;31m[KlogTimestamp[m[K();
      |     [01;31m[K^~~~~~~~~~~~[m[K
[01m[K/home/pranjal/ws_moveit/src/robotcontrolapp/doc/pick_place/src/continous.cpp:[m[K In function ‘[01m[Kvoid moveDown()[m[K’:
[01m[K/home/pranjal/ws_moveit/src/robotcontrolapp/doc/pick_place/src/continous.cpp:66:5:[m[K [01;31m[Kerror: [m[K‘[01m[KlogTimestamp[m[K’ was not declared in this scope
   66 |     [01;31m[KlogTimestamp[m[K();
      |     [01;31m[K^~~~~~~~~~~~[m[K
[01m[K/home/pranjal/ws_moveit/src/robotcontrolapp/doc/pick_place/src/continous.cpp:[m[K In function ‘[01m[Kvoid moveLeft()[m[K’:
[01m[K/home/pranjal/ws_moveit/src/robotcontrolapp/doc/pick_place/src/continous.cpp:72:5:[m[K [01;31m[Kerror: [m[K‘[01m[KlogTimestamp[m[K’ was not declared in this scope
   72 |     [01;31m[KlogTimestamp[m[K();
      |     [01;31m[K^~~~~~~~~~~~[m[K
[01m[K/home/pranjal/ws_moveit/src/robotcontrolapp/doc/pick_place/src/continous.cpp:[m[K In function ‘[01m[Kvoid moveRight()[m[K’:
[01m[K/home/pranjal/ws_moveit/src/robotcontrolapp/doc/pick_place/src/continous.cpp:78:5:[m[K [01;31m[Kerror: [m[K‘[01m[KlogTimestamp[m[K’ was not declared in this scope
   78 |     [01;31m[KlogTimestamp[m[K();
      |     [01;31m[K^~~~~~~~~~~~[m[K
[01m[K/home/pranjal/ws_moveit/src/robotcontrolapp/doc/pick_place/src/continous.cpp:[m[K In function ‘[01m[Kvoid moveForward()[m[K’:
[01m[K/home/pranjal/ws_moveit/src/robotcontrolapp/doc/pick_place/src/continous.cpp:84:5:[m[K [01;31m[Kerror: [m[K‘[01m[KlogTimestamp[m[K’ was not declared in this scope
   84 |     [01;31m[KlogTimestamp[m[K();
      |     [01;31m[K^~~~~~~~~~~~[m[K
[01m[K/home/pranjal/ws_moveit/src/robotcontrolapp/doc/pick_place/src/continous.cpp:[m[K In function ‘[01m[Kvoid moveBackward()[m[K’:
[01m[K/home/pranjal/ws_moveit/src/robotcontrolapp/doc/pick_place/src/continous.cpp:90:5:[m[K [01;31m[Kerror: [m[K‘[01m[KlogTimestamp[m[K’ was not declared in this scope
   90 |     [01;31m[KlogTimestamp[m[K();
      |     [01;31m[K^~~~~~~~~~~~[m[K
[01m[K/home/pranjal/ws_moveit/src/robotcontrolapp/doc/pick_place/src/continous.cpp:[m[K In function ‘[01m[Kvoid stopRobot()[m[K’:
[01m[K/home/pranjal/ws_moveit/src/robotcontrolapp/doc/pick_place/src/continous.cpp:102:5:[m[K [01;31m[Kerror: [m[K‘[01m[KlogTimestamp[m[K’ was not declared in this scope
  102 |     [01;31m[KlogTimestamp[m[K();
      |     [01;31m[K^~~~~~~~~~~~[m[K
[01m[K/home/pranjal/ws_moveit/src/robotcontrolapp/doc/pick_place/src/continous.cpp:[m[K In function ‘[01m[Kvoid resetRobot()[m[K’:
[01m[K/home/pranjal/ws_moveit/src/robotcontrolapp/doc/pick_place/src/continous.cpp:109:5:[m[K [01;31m[Kerror: [m[K‘[01m[KlogTimestamp[m[K’ was not declared in this scope
  109 |     [01;31m[KlogTimestamp[m[K();
      |     [01;31m[K^~~~~~~~~~~~[m[K
make[2]: *** [doc/pick_place/CMakeFiles/continous.dir/build.make:63: doc/pick_place/CMakeFiles/continous.dir/src/continous.cpp.o] Error 1
make[1]: *** [CMakeFiles/Makefile2:4365: doc/pick_place/CMakeFiles/continous.dir/all] Error 2
make: *** [Makefile:141: all] Error 2
