[35m[1mScanning dependencies of target controller_manager_example[0m
[35m[1mScanning dependencies of target ros_api_tutorial[0m
[35m[1mScanning dependencies of target motion_planning_pipeline_tutorial[0m
[35m[1mScanning dependencies of target interactivity_utils[0m
[35m[1mScanning dependencies of target motion_planning_api_tutorial[0m
[35m[1mScanning dependencies of target bag_publisher_maintain_time[0m
[35m[1mScanning dependencies of target move_group_interface_tutorial[0m
[  2%] [32mBuilding CXX object doc/controller_configuration/CMakeFiles/controller_manager_example.dir/src/moveit_controller_manager_example.cpp.o[0m
[  4%] [32mBuilding CXX object doc/perception_pipeline/CMakeFiles/bag_publisher_maintain_time.dir/src/bag_publisher_maintain_time.cpp.o[0m
[  6%] [32mBuilding CXX object doc/kinematics/CMakeFiles/ros_api_tutorial.dir/src/ros_api_tutorial.cpp.o[0m
[  8%] [32mBuilding CXX object doc/motion_planning_pipeline/CMakeFiles/motion_planning_pipeline_tutorial.dir/src/motion_planning_pipeline_tutorial.cpp.o[0m
[ 10%] [32mBuilding CXX object doc/move_group_interface/CMakeFiles/move_group_interface_tutorial.dir/src/move_group_interface_tutorial.cpp.o[0m
[ 12%] [32mBuilding CXX object doc/motion_planning_api/CMakeFiles/motion_planning_api_tutorial.dir/src/motion_planning_api_tutorial.cpp.o[0m
[ 14%] [32mBuilding CXX object doc/interactivity/CMakeFiles/interactivity_utils.dir/src/interactive_robot.cpp.o[0m
[ 16%] [32m[1mLinking CXX shared library /home/pranjal/ws_moveit/devel/.private/robotcontrolapp/lib/libcontroller_manager_example.so[0m
[ 16%] Built target controller_manager_example
[35m[1mScanning dependencies of target detect_and_add_cylinder_collision_object_demo[0m
[ 18%] [32mBuilding CXX object doc/perception_pipeline/CMakeFiles/detect_and_add_cylinder_collision_object_demo.dir/src/detect_and_add_cylinder_collision_object_demo.cpp.o[0m
[ 20%] [32m[1mLinking CXX executable /home/pranjal/ws_moveit/devel/.private/robotcontrolapp/lib/robotcontrolapp/bag_publisher_maintain_time[0m
[ 20%] Built target bag_publisher_maintain_time
[35m[1mScanning dependencies of target continous[0m
[ 22%] [32mBuilding CXX object doc/pick_place/CMakeFiles/continous.dir/src/continous.cpp.o[0m
[ 25%] [32mBuilding CXX object doc/interactivity/CMakeFiles/interactivity_utils.dir/src/imarker.cpp.o[0m
[ 27%] [32m[1mLinking CXX executable /home/pranjal/ws_moveit/devel/.private/robotcontrolapp/lib/robotcontrolapp/ros_api_tutorial[0m
[ 27%] Built target ros_api_tutorial
[35m[1mScanning dependencies of target direction[0m
[ 29%] [32mBuilding CXX object doc/pick_place/CMakeFiles/direction.dir/src/direction.cpp.o[0m
[ 31%] [32m[1mLinking CXX executable /home/pranjal/ws_moveit/devel/.private/robotcontrolapp/lib/robotcontrolapp/move_group_interface_tutorial[0m
[ 31%] Built target move_group_interface_tutorial
[35m[1mScanning dependencies of target pick_place_tutorial[0m
[ 33%] [32mBuilding CXX object doc/pick_place/CMakeFiles/pick_place_tutorial.dir/src/pick_place_tutorial.cpp.o[0m
[ 35%] [32mBuilding CXX object doc/interactivity/CMakeFiles/interactivity_utils.dir/src/pose_string.cpp.o[0m
[ 37%] [32m[1mLinking CXX executable /home/pranjal/ws_moveit/devel/.private/robotcontrolapp/lib/robotcontrolapp/motion_planning_api_tutorial[0m
[ 37%] Built target motion_planning_api_tutorial
[35m[1mScanning dependencies of target planning_scene_tutorial[0m
[ 39%] [32mBuilding CXX object doc/planning_scene/CMakeFiles/planning_scene_tutorial.dir/src/planning_scene_tutorial.cpp.o[0m
[ 41%] [32m[1mLinking CXX executable /home/pranjal/ws_moveit/devel/.private/robotcontrolapp/lib/robotcontrolapp/motion_planning_pipeline_tutorial[0m
[ 41%] Built target motion_planning_pipeline_tutorial
[35m[1mScanning dependencies of target planning_scene_ros_api_tutorial[0m
[ 43%] [32mBuilding CXX object doc/planning_scene_ros_api/CMakeFiles/planning_scene_ros_api_tutorial.dir/src/planning_scene_ros_api_tutorial.cpp.o[0m
[ 45%] [32m[1mLinking CXX shared library /home/pranjal/ws_moveit/devel/.private/robotcontrolapp/lib/libinteractivity_utils.so[0m
[ 45%] Built target interactivity_utils
[35m[1mScanning dependencies of target robot_model_and_robot_state_tutorial[0m
[ 47%] [32mBuilding CXX object doc/robot_model_and_robot_state/CMakeFiles/robot_model_and_robot_state_tutorial.dir/src/robot_model_and_robot_state_tutorial.cpp.o[0m
[ 50%] [32m[1mLinking CXX executable /home/pranjal/ws_moveit/devel/.private/robotcontrolapp/lib/robotcontrolapp/continous[0m
[35m[1mScanning dependencies of target state_display_tutorial[0m
[ 50%] Built target continous
[35m[1mScanning dependencies of target subframes_tutorial[0m
[ 52%] [32mBuilding CXX object doc/state_display/CMakeFiles/state_display_tutorial.dir/src/state_display_tutorial.cpp.o[0m
[ 54%] [32mBuilding CXX object doc/subframes/CMakeFiles/subframes_tutorial.dir/src/subframes_tutorial.cpp.o[0m
[ 56%] [32m[1mLinking CXX executable /home/pranjal/ws_moveit/devel/.private/robotcontrolapp/lib/robotcontrolapp/direction[0m
[ 56%] Built target direction
[35m[1mScanning dependencies of target trajopt_example[0m
[ 58%] [32mBuilding CXX object doc/trajopt_planner/CMakeFiles/trajopt_example.dir/src/trajopt_example.cpp.o[0m
[ 60%] [32m[1mLinking CXX executable /home/pranjal/ws_moveit/devel/.private/robotcontrolapp/lib/robotcontrolapp/detect_and_add_cylinder_collision_object_demo[0m
[ 60%] Built target detect_and_add_cylinder_collision_object_demo
[35m[1mScanning dependencies of target moveit_lerp_planner_plugin[0m
[ 62%] [32mBuilding CXX object doc/creating_moveit_plugins/lerp_motion_planner/CMakeFiles/moveit_lerp_planner_plugin.dir/src/lerp_planner_manager.cpp.o[0m
[ 64%] [32m[1mLinking CXX executable /home/pranjal/ws_moveit/devel/.private/robotcontrolapp/lib/robotcontrolapp/planning_scene_tutorial[0m
[ 66%] [32m[1mLinking CXX executable /home/pranjal/ws_moveit/devel/.private/robotcontrolapp/lib/robotcontrolapp/pick_place_tutorial[0m
[ 66%] Built target planning_scene_tutorial
[35m[1mScanning dependencies of target lerp_example[0m
[ 68%] [32mBuilding CXX object doc/creating_moveit_plugins/lerp_motion_planner/CMakeFiles/lerp_example.dir/src/lerp_example.cpp.o[0m
[ 68%] Built target pick_place_tutorial
[35m[1mScanning dependencies of target moveit_cpp_tutorial[0m
[ 70%] [32m[1mLinking CXX executable /home/pranjal/ws_moveit/devel/.private/robotcontrolapp/lib/robotcontrolapp/robot_model_and_robot_state_tutorial[0m
[ 72%] [32mBuilding CXX object doc/moveit_cpp/CMakeFiles/moveit_cpp_tutorial.dir/src/moveit_cpp_tutorial.cpp.o[0m
[ 72%] Built target robot_model_and_robot_state_tutorial
[35m[1mScanning dependencies of target visualizing_collisions_tutorial[0m
[ 75%] [32mBuilding CXX object doc/visualizing_collisions/CMakeFiles/visualizing_collisions_tutorial.dir/src/visualizing_collisions_tutorial.cpp.o[0m
[ 77%] [32m[1mLinking CXX executable /home/pranjal/ws_moveit/devel/.private/robotcontrolapp/lib/robotcontrolapp/state_display_tutorial[0m
[ 77%] Built target state_display_tutorial
[35m[1mScanning dependencies of target bullet_collision_checker_tutorial[0m
[ 79%] [32mBuilding CXX object doc/bullet_collision_checker/CMakeFiles/bullet_collision_checker_tutorial.dir/src/bullet_collision_checker_tutorial.cpp.o[0m
[ 81%] [32m[1mLinking CXX executable /home/pranjal/ws_moveit/devel/.private/robotcontrolapp/lib/robotcontrolapp/planning_scene_ros_api_tutorial[0m
[ 83%] [32m[1mLinking CXX executable /home/pranjal/ws_moveit/devel/.private/robotcontrolapp/lib/robotcontrolapp/subframes_tutorial[0m
[ 83%] Built target subframes_tutorial
[ 85%] [32mBuilding CXX object doc/creating_moveit_plugins/lerp_motion_planner/CMakeFiles/moveit_lerp_planner_plugin.dir/src/lerp_interface.cpp.o[0m
[ 85%] Built target planning_scene_ros_api_tutorial
[ 87%] [32mBuilding CXX object doc/creating_moveit_plugins/lerp_motion_planner/CMakeFiles/moveit_lerp_planner_plugin.dir/src/lerp_planning_context.cpp.o[0m
[ 89%] [32m[1mLinking CXX executable /home/pranjal/ws_moveit/devel/.private/robotcontrolapp/lib/robotcontrolapp/visualizing_collisions_tutorial[0m
[ 89%] Built target visualizing_collisions_tutorial
[ 91%] [32m[1mLinking CXX executable /home/pranjal/ws_moveit/devel/.private/robotcontrolapp/lib/robotcontrolapp/moveit_cpp_tutorial[0m
[ 93%] [32m[1mLinking CXX executable /home/pranjal/ws_moveit/devel/.private/robotcontrolapp/lib/robotcontrolapp/trajopt_example[0m
[ 93%] Built target trajopt_example
[ 93%] Built target moveit_cpp_tutorial
[ 95%] [32m[1mLinking CXX shared library /home/pranjal/ws_moveit/devel/.private/robotcontrolapp/lib/libmoveit_lerp_planner_plugin.so[0m
[ 95%] Built target moveit_lerp_planner_plugin
[ 97%] [32m[1mLinking CXX executable /home/pranjal/ws_moveit/devel/.private/robotcontrolapp/lib/robotcontrolapp/lerp_example[0m
[100%] [32m[1mLinking CXX executable /home/pranjal/ws_moveit/devel/.private/robotcontrolapp/lib/robotcontrolapp/bullet_collision_checker_tutorial[0m
[100%] Built target lerp_example
[100%] Built target bullet_collision_checker_tutorial
