Warning: Cannot symlink from /home/pranjal/ws_moveit/devel/.private/robotcontrolapp/lib/libcontroller_manager_example.so to existing file /home/pranjal/ws_moveit/devel/lib/libcontroller_manager_example.so
Warning: Source hash: 435ad91426673f5892e3222f9b25b447
Warning: Dest hash: bef4d1447ae7cc795c5052611755df85
Warning: Cannot symlink from /home/pranjal/ws_moveit/devel/.private/robotcontrolapp/lib/libmoveit_lerp_planner_plugin.so.0.1.0 to existing file /home/pranjal/ws_moveit/devel/lib/libmoveit_lerp_planner_plugin.so.0.1.0
Warning: Source hash: 43f241330df08eaee6fd11d43f6e7cd7
Warning: Dest hash: b546bdd2ecc9d408c87fd0ea5ae19253
Warning: Cannot symlink from /home/pranjal/ws_moveit/devel/.private/robotcontrolapp/lib/libinteractivity_utils.so to existing file /home/pranjal/ws_moveit/devel/lib/libinteractivity_utils.so
Warning: Source hash: 93e0d679bc24f40038b72abafafcd539
Warning: Dest hash: 729a2c56efd9db6d7bb0a5d8a033c5ea
Warning: Cannot symlink from /home/pranjal/ws_moveit/devel/.private/robotcontrolapp/lib/libmoveit_lerp_planner_plugin.so to existing file /home/pranjal/ws_moveit/devel/lib/libmoveit_lerp_planner_plugin.so
Warning: Source hash: 43f241330df08eaee6fd11d43f6e7cd7
Warning: Dest hash: b546bdd2ecc9d408c87fd0ea5ae19253
Symlinking /home/pranjal/ws_moveit/devel/lib/pkgconfig/robotcontrolapp.pc
Symlinking /home/pranjal/ws_moveit/devel/lib/robotcontrolapp/state_display_tutorial
Symlinking /home/pranjal/ws_moveit/devel/lib/robotcontrolapp/lerp_example
Symlinking /home/pranjal/ws_moveit/devel/lib/robotcontrolapp/trajopt_example
Symlinking /home/pranjal/ws_moveit/devel/lib/robotcontrolapp/pick_place_tutorial
Symlinking /home/pranjal/ws_moveit/devel/lib/robotcontrolapp/visualizing_collisions_tutorial
Symlinking /home/pranjal/ws_moveit/devel/lib/robotcontrolapp/motion_planning_api_tutorial
Symlinking /home/pranjal/ws_moveit/devel/lib/robotcontrolapp/move_group_python_interface_tutorial.py
Symlinking /home/pranjal/ws_moveit/devel/lib/robotcontrolapp/ros_api_tutorial
Symlinking /home/pranjal/ws_moveit/devel/lib/robotcontrolapp/collision_scene_example.py
Symlinking /home/pranjal/ws_moveit/devel/lib/robotcontrolapp/motion_planning_pipeline_tutorial
Symlinking /home/pranjal/ws_moveit/devel/lib/robotcontrolapp/planning_scene_tutorial
Symlinking /home/pranjal/ws_moveit/devel/lib/robotcontrolapp/subframes_tutorial
Symlinking /home/pranjal/ws_moveit/devel/lib/robotcontrolapp/moveit_cpp_tutorial
Symlinking /home/pranjal/ws_moveit/devel/lib/robotcontrolapp/planning_scene_ros_api_tutorial
Symlinking /home/pranjal/ws_moveit/devel/lib/robotcontrolapp/move_group_interface_tutorial
Symlinking /home/pranjal/ws_moveit/devel/lib/robotcontrolapp/direction
Symlinking /home/pranjal/ws_moveit/devel/lib/robotcontrolapp/bullet_collision_checker_tutorial
Symlinking /home/pranjal/ws_moveit/devel/lib/robotcontrolapp/bag_publisher_maintain_time
Symlinking /home/pranjal/ws_moveit/devel/lib/robotcontrolapp/detect_and_add_cylinder_collision_object_demo
Symlinking /home/pranjal/ws_moveit/devel/lib/robotcontrolapp/cmake.lock
Symlinking /home/pranjal/ws_moveit/devel/lib/robotcontrolapp/continous
Symlinking /home/pranjal/ws_moveit/devel/lib/robotcontrolapp/robot_model_and_robot_state_tutorial
Symlinking /home/pranjal/ws_moveit/devel/share/robotcontrolapp/cmake/robotcontrolappConfig-version.cmake
Symlinking /home/pranjal/ws_moveit/devel/share/robotcontrolapp/cmake/robotcontrolappConfig.cmake
