Warning: Cannot symlink from /home/pranjal/ws_moveit/devel/.private/robotcontrolapp/lib/libcontroller_manager_example.so to existing file /home/pranjal/ws_moveit/devel/lib/libcontroller_manager_example.so
Warning: Source hash: 435ad91426673f5892e3222f9b25b447
Warning: Dest hash: bef4d1447ae7cc795c5052611755df85
Warning: Cannot symlink from /home/pranjal/ws_moveit/devel/.private/robotcontrolapp/lib/libmoveit_lerp_planner_plugin.so.0.1.0 to existing file /home/pranjal/ws_moveit/devel/lib/libmoveit_lerp_planner_plugin.so.0.1.0
Warning: Source hash: 43f241330df08eaee6fd11d43f6e7cd7
Warning: Dest hash: b546bdd2ecc9d408c87fd0ea5ae19253
Warning: Cannot symlink from /home/pranjal/ws_moveit/devel/.private/robotcontrolapp/lib/libinteractivity_utils.so to existing file /home/pranjal/ws_moveit/devel/lib/libinteractivity_utils.so
Warning: Source hash: 93e0d679bc24f40038b72abafafcd539
Warning: Dest hash: 729a2c56efd9db6d7bb0a5d8a033c5ea
Warning: Cannot symlink from /home/pranjal/ws_moveit/devel/.private/robotcontrolapp/lib/libmoveit_lerp_planner_plugin.so to existing file /home/pranjal/ws_moveit/devel/lib/libmoveit_lerp_planner_plugin.so
Warning: Source hash: 43f241330df08eaee6fd11d43f6e7cd7
Warning: Dest hash: b546bdd2ecc9d408c87fd0ea5ae19253
Linked: (/home/pranjal/ws_moveit/devel/.private/robotcontrolapp/lib/pkgconfig/robotcontrolapp.pc, /home/pranjal/ws_moveit/devel/lib/pkgconfig/robotcontrolapp.pc)
Linked: (/home/pranjal/ws_moveit/devel/.private/robotcontrolapp/lib/robotcontrolapp/state_display_tutorial, /home/pranjal/ws_moveit/devel/lib/robotcontrolapp/state_display_tutorial)
Linked: (/home/pranjal/ws_moveit/devel/.private/robotcontrolapp/lib/robotcontrolapp/lerp_example, /home/pranjal/ws_moveit/devel/lib/robotcontrolapp/lerp_example)
Linked: (/home/pranjal/ws_moveit/devel/.private/robotcontrolapp/lib/robotcontrolapp/trajopt_example, /home/pranjal/ws_moveit/devel/lib/robotcontrolapp/trajopt_example)
Linked: (/home/pranjal/ws_moveit/devel/.private/robotcontrolapp/lib/robotcontrolapp/pick_place_tutorial, /home/pranjal/ws_moveit/devel/lib/robotcontrolapp/pick_place_tutorial)
Linked: (/home/pranjal/ws_moveit/devel/.private/robotcontrolapp/lib/robotcontrolapp/visualizing_collisions_tutorial, /home/pranjal/ws_moveit/devel/lib/robotcontrolapp/visualizing_collisions_tutorial)
Linked: (/home/pranjal/ws_moveit/devel/.private/robotcontrolapp/lib/robotcontrolapp/motion_planning_api_tutorial, /home/pranjal/ws_moveit/devel/lib/robotcontrolapp/motion_planning_api_tutorial)
Linked: (/home/pranjal/ws_moveit/devel/.private/robotcontrolapp/lib/robotcontrolapp/move_group_python_interface_tutorial.py, /home/pranjal/ws_moveit/devel/lib/robotcontrolapp/move_group_python_interface_tutorial.py)
Linked: (/home/pranjal/ws_moveit/devel/.private/robotcontrolapp/lib/robotcontrolapp/ros_api_tutorial, /home/pranjal/ws_moveit/devel/lib/robotcontrolapp/ros_api_tutorial)
Linked: (/home/pranjal/ws_moveit/devel/.private/robotcontrolapp/lib/robotcontrolapp/collision_scene_example.py, /home/pranjal/ws_moveit/devel/lib/robotcontrolapp/collision_scene_example.py)
Linked: (/home/pranjal/ws_moveit/devel/.private/robotcontrolapp/lib/robotcontrolapp/motion_planning_pipeline_tutorial, /home/pranjal/ws_moveit/devel/lib/robotcontrolapp/motion_planning_pipeline_tutorial)
Linked: (/home/pranjal/ws_moveit/devel/.private/robotcontrolapp/lib/robotcontrolapp/planning_scene_tutorial, /home/pranjal/ws_moveit/devel/lib/robotcontrolapp/planning_scene_tutorial)
Linked: (/home/pranjal/ws_moveit/devel/.private/robotcontrolapp/lib/robotcontrolapp/subframes_tutorial, /home/pranjal/ws_moveit/devel/lib/robotcontrolapp/subframes_tutorial)
Linked: (/home/pranjal/ws_moveit/devel/.private/robotcontrolapp/lib/robotcontrolapp/moveit_cpp_tutorial, /home/pranjal/ws_moveit/devel/lib/robotcontrolapp/moveit_cpp_tutorial)
Linked: (/home/pranjal/ws_moveit/devel/.private/robotcontrolapp/lib/robotcontrolapp/planning_scene_ros_api_tutorial, /home/pranjal/ws_moveit/devel/lib/robotcontrolapp/planning_scene_ros_api_tutorial)
Linked: (/home/pranjal/ws_moveit/devel/.private/robotcontrolapp/lib/robotcontrolapp/move_group_interface_tutorial, /home/pranjal/ws_moveit/devel/lib/robotcontrolapp/move_group_interface_tutorial)
Linked: (/home/pranjal/ws_moveit/devel/.private/robotcontrolapp/lib/robotcontrolapp/direction, /home/pranjal/ws_moveit/devel/lib/robotcontrolapp/direction)
Linked: (/home/pranjal/ws_moveit/devel/.private/robotcontrolapp/lib/robotcontrolapp/bullet_collision_checker_tutorial, /home/pranjal/ws_moveit/devel/lib/robotcontrolapp/bullet_collision_checker_tutorial)
Linked: (/home/pranjal/ws_moveit/devel/.private/robotcontrolapp/lib/robotcontrolapp/bag_publisher_maintain_time, /home/pranjal/ws_moveit/devel/lib/robotcontrolapp/bag_publisher_maintain_time)
Linked: (/home/pranjal/ws_moveit/devel/.private/robotcontrolapp/lib/robotcontrolapp/detect_and_add_cylinder_collision_object_demo, /home/pranjal/ws_moveit/devel/lib/robotcontrolapp/detect_and_add_cylinder_collision_object_demo)
Linked: (/home/pranjal/ws_moveit/devel/.private/robotcontrolapp/lib/robotcontrolapp/cmake.lock, /home/pranjal/ws_moveit/devel/lib/robotcontrolapp/cmake.lock)
Linked: (/home/pranjal/ws_moveit/devel/.private/robotcontrolapp/lib/robotcontrolapp/continous, /home/pranjal/ws_moveit/devel/lib/robotcontrolapp/continous)
Linked: (/home/pranjal/ws_moveit/devel/.private/robotcontrolapp/lib/robotcontrolapp/robot_model_and_robot_state_tutorial, /home/pranjal/ws_moveit/devel/lib/robotcontrolapp/robot_model_and_robot_state_tutorial)
Linked: (/home/pranjal/ws_moveit/devel/.private/robotcontrolapp/share/robotcontrolapp/cmake/robotcontrolappConfig-version.cmake, /home/pranjal/ws_moveit/devel/share/robotcontrolapp/cmake/robotcontrolappConfig-version.cmake)
Linked: (/home/pranjal/ws_moveit/devel/.private/robotcontrolapp/share/robotcontrolapp/cmake/robotcontrolappConfig.cmake, /home/pranjal/ws_moveit/devel/share/robotcontrolapp/cmake/robotcontrolappConfig.cmake)
