[01m[K/home/pranjal/ws_moveit/src/moveit_tutorials/doc/pick_place/src/continous.cpp:19:1:[m[K [01;31m[Kerror: [m[K‘[01m[KINITIAL_POSE[m[K’ does not name a type
   19 | [01;31m[KINITIAL_POSE[m[K.position.x = 0.4;
      | [01;31m[K^~~~~~~~~~~~[m[K
[01m[K/home/pranjal/ws_moveit/src/moveit_tutorials/doc/pick_place/src/continous.cpp:20:1:[m[K [01;31m[Kerror: [m[K‘[01m[KINITIAL_POSE[m[K’ does not name a type
   20 | [01;31m[KINITIAL_POSE[m[K.position.y = 0.0;
      | [01;31m[K^~~~~~~~~~~~[m[K
[01m[K/home/pranjal/ws_moveit/src/moveit_tutorials/doc/pick_place/src/continous.cpp:21:1:[m[K [01;31m[Kerror: [m[K‘[01m[KINITIAL_POSE[m[K’ does not name a type
   21 | [01;31m[KINITIAL_POSE[m[K.position.z = 0.4;
      | [01;31m[K^~~~~~~~~~~~[m[K
[01m[K/home/pranjal/ws_moveit/src/moveit_tutorials/doc/pick_place/src/continous.cpp:22:1:[m[K [01;31m[Kerror: [m[K‘[01m[KINITIAL_POSE[m[K’ does not name a type
   22 | [01;31m[KINITIAL_POSE[m[K.orientation.x = 0.0;
      | [01;31m[K^~~~~~~~~~~~[m[K
[01m[K/home/pranjal/ws_moveit/src/moveit_tutorials/doc/pick_place/src/continous.cpp:23:1:[m[K [01;31m[Kerror: [m[K‘[01m[KINITIAL_POSE[m[K’ does not name a type
   23 | [01;31m[KINITIAL_POSE[m[K.orientation.y = 0.0;
      | [01;31m[K^~~~~~~~~~~~[m[K
[01m[K/home/pranjal/ws_moveit/src/moveit_tutorials/doc/pick_place/src/continous.cpp:24:1:[m[K [01;31m[Kerror: [m[K‘[01m[KINITIAL_POSE[m[K’ does not name a type
   24 | [01;31m[KINITIAL_POSE[m[K.orientation.z = 0.0;
      | [01;31m[K^~~~~~~~~~~~[m[K
[01m[K/home/pranjal/ws_moveit/src/moveit_tutorials/doc/pick_place/src/continous.cpp:25:1:[m[K [01;31m[Kerror: [m[K‘[01m[KINITIAL_POSE[m[K’ does not name a type
   25 | [01;31m[KINITIAL_POSE[m[K.orientation.w = 1.0;
      | [01;31m[K^~~~~~~~~~~~[m[K
make[2]: *** [doc/pick_place/CMakeFiles/continous.dir/build.make:63: doc/pick_place/CMakeFiles/continous.dir/src/continous.cpp.o] Error 1
make[1]: *** [CMakeFiles/Makefile2:4365: doc/pick_place/CMakeFiles/continous.dir/all] Error 2
make: *** [Makefile:141: all] Error 2
