Linked: (/home/pranjal/ws_moveit/devel/.private/rosapi/lib/pkgconfig/rosapi.pc, /home/pranjal/ws_moveit/devel/lib/pkgconfig/rosapi.pc)
Linked: (/home/pranjal/ws_moveit/devel/.private/rosapi/lib/rosapi/rosapi_node, /home/pranjal/ws_moveit/devel/lib/rosapi/rosapi_node)
Linked: (/home/pranjal/ws_moveit/devel/.private/rosapi/lib/rosapi/cmake.lock, /home/pranjal/ws_moveit/devel/lib/rosapi/cmake.lock)
Linked: (/home/pranjal/ws_moveit/devel/.private/rosapi/lib/python3/dist-packages/rosapi/__init__.py, /home/pranjal/ws_moveit/devel/lib/python3/dist-packages/rosapi/__init__.py)
Linked: (/home/pranjal/ws_moveit/devel/.private/rosapi/lib/python3/dist-packages/rosapi/srv/_ServiceResponseDetails.py, /home/pranjal/ws_moveit/devel/lib/python3/dist-packages/rosapi/srv/_ServiceResponseDetails.py)
Linked: (/home/pranjal/ws_moveit/devel/.private/rosapi/lib/python3/dist-packages/rosapi/srv/_GetActionServers.py, /home/pranjal/ws_moveit/devel/lib/python3/dist-packages/rosapi/srv/_GetActionServers.py)
Linked: (/home/pranjal/ws_moveit/devel/.private/rosapi/lib/python3/dist-packages/rosapi/srv/_NodeDetails.py, /home/pranjal/ws_moveit/devel/lib/python3/dist-packages/rosapi/srv/_NodeDetails.py)
Linked: (/home/pranjal/ws_moveit/devel/.private/rosapi/lib/python3/dist-packages/rosapi/srv/_DeleteParam.py, /home/pranjal/ws_moveit/devel/lib/python3/dist-packages/rosapi/srv/_DeleteParam.py)
Linked: (/home/pranjal/ws_moveit/devel/.private/rosapi/lib/python3/dist-packages/rosapi/srv/_ServicesForType.py, /home/pranjal/ws_moveit/devel/lib/python3/dist-packages/rosapi/srv/_ServicesForType.py)
Linked: (/home/pranjal/ws_moveit/devel/.private/rosapi/lib/python3/dist-packages/rosapi/srv/_SetParam.py, /home/pranjal/ws_moveit/devel/lib/python3/dist-packages/rosapi/srv/_SetParam.py)
Linked: (/home/pranjal/ws_moveit/devel/.private/rosapi/lib/python3/dist-packages/rosapi/srv/_MessageDetails.py, /home/pranjal/ws_moveit/devel/lib/python3/dist-packages/rosapi/srv/_MessageDetails.py)
Linked: (/home/pranjal/ws_moveit/devel/.private/rosapi/lib/python3/dist-packages/rosapi/srv/_TopicType.py, /home/pranjal/ws_moveit/devel/lib/python3/dist-packages/rosapi/srv/_TopicType.py)
Linked: (/home/pranjal/ws_moveit/devel/.private/rosapi/lib/python3/dist-packages/rosapi/srv/_ServiceNode.py, /home/pranjal/ws_moveit/devel/lib/python3/dist-packages/rosapi/srv/_ServiceNode.py)
Linked: (/home/pranjal/ws_moveit/devel/.private/rosapi/lib/python3/dist-packages/rosapi/srv/_GetParam.py, /home/pranjal/ws_moveit/devel/lib/python3/dist-packages/rosapi/srv/_GetParam.py)
Linked: (/home/pranjal/ws_moveit/devel/.private/rosapi/lib/python3/dist-packages/rosapi/srv/_ServiceHost.py, /home/pranjal/ws_moveit/devel/lib/python3/dist-packages/rosapi/srv/_ServiceHost.py)
Linked: (/home/pranjal/ws_moveit/devel/.private/rosapi/lib/python3/dist-packages/rosapi/srv/_ServiceProviders.py, /home/pranjal/ws_moveit/devel/lib/python3/dist-packages/rosapi/srv/_ServiceProviders.py)
Linked: (/home/pranjal/ws_moveit/devel/.private/rosapi/lib/python3/dist-packages/rosapi/srv/_Publishers.py, /home/pranjal/ws_moveit/devel/lib/python3/dist-packages/rosapi/srv/_Publishers.py)
Linked: (/home/pranjal/ws_moveit/devel/.private/rosapi/lib/python3/dist-packages/rosapi/srv/_Topics.py, /home/pranjal/ws_moveit/devel/lib/python3/dist-packages/rosapi/srv/_Topics.py)
Linked: (/home/pranjal/ws_moveit/devel/.private/rosapi/lib/python3/dist-packages/rosapi/srv/_TopicsForType.py, /home/pranjal/ws_moveit/devel/lib/python3/dist-packages/rosapi/srv/_TopicsForType.py)
Linked: (/home/pranjal/ws_moveit/devel/.private/rosapi/lib/python3/dist-packages/rosapi/srv/_Subscribers.py, /home/pranjal/ws_moveit/devel/lib/python3/dist-packages/rosapi/srv/_Subscribers.py)
Linked: (/home/pranjal/ws_moveit/devel/.private/rosapi/lib/python3/dist-packages/rosapi/srv/_ServiceType.py, /home/pranjal/ws_moveit/devel/lib/python3/dist-packages/rosapi/srv/_ServiceType.py)
Linked: (/home/pranjal/ws_moveit/devel/.private/rosapi/lib/python3/dist-packages/rosapi/srv/_GetTime.py, /home/pranjal/ws_moveit/devel/lib/python3/dist-packages/rosapi/srv/_GetTime.py)
Linked: (/home/pranjal/ws_moveit/devel/.private/rosapi/lib/python3/dist-packages/rosapi/srv/_Nodes.py, /home/pranjal/ws_moveit/devel/lib/python3/dist-packages/rosapi/srv/_Nodes.py)
Linked: (/home/pranjal/ws_moveit/devel/.private/rosapi/lib/python3/dist-packages/rosapi/srv/__init__.py, /home/pranjal/ws_moveit/devel/lib/python3/dist-packages/rosapi/srv/__init__.py)
Linked: (/home/pranjal/ws_moveit/devel/.private/rosapi/lib/python3/dist-packages/rosapi/srv/_HasParam.py, /home/pranjal/ws_moveit/devel/lib/python3/dist-packages/rosapi/srv/_HasParam.py)
Linked: (/home/pranjal/ws_moveit/devel/.private/rosapi/lib/python3/dist-packages/rosapi/srv/_Services.py, /home/pranjal/ws_moveit/devel/lib/python3/dist-packages/rosapi/srv/_Services.py)
Linked: (/home/pranjal/ws_moveit/devel/.private/rosapi/lib/python3/dist-packages/rosapi/srv/_SearchParam.py, /home/pranjal/ws_moveit/devel/lib/python3/dist-packages/rosapi/srv/_SearchParam.py)
Linked: (/home/pranjal/ws_moveit/devel/.private/rosapi/lib/python3/dist-packages/rosapi/srv/_ServiceRequestDetails.py, /home/pranjal/ws_moveit/devel/lib/python3/dist-packages/rosapi/srv/_ServiceRequestDetails.py)
Linked: (/home/pranjal/ws_moveit/devel/.private/rosapi/lib/python3/dist-packages/rosapi/srv/_GetParamNames.py, /home/pranjal/ws_moveit/devel/lib/python3/dist-packages/rosapi/srv/_GetParamNames.py)
Linked: (/home/pranjal/ws_moveit/devel/.private/rosapi/lib/python3/dist-packages/rosapi/srv/_TopicsAndRawTypes.py, /home/pranjal/ws_moveit/devel/lib/python3/dist-packages/rosapi/srv/_TopicsAndRawTypes.py)
Linked: (/home/pranjal/ws_moveit/devel/.private/rosapi/lib/python3/dist-packages/rosapi/msg/_TypeDef.py, /home/pranjal/ws_moveit/devel/lib/python3/dist-packages/rosapi/msg/_TypeDef.py)
Linked: (/home/pranjal/ws_moveit/devel/.private/rosapi/lib/python3/dist-packages/rosapi/msg/__init__.py, /home/pranjal/ws_moveit/devel/lib/python3/dist-packages/rosapi/msg/__init__.py)
Linked: (/home/pranjal/ws_moveit/devel/.private/rosapi/include/rosapi/SetParamRequest.h, /home/pranjal/ws_moveit/devel/include/rosapi/SetParamRequest.h)
Linked: (/home/pranjal/ws_moveit/devel/.private/rosapi/include/rosapi/ServiceType.h, /home/pranjal/ws_moveit/devel/include/rosapi/ServiceType.h)
Linked: (/home/pranjal/ws_moveit/devel/.private/rosapi/include/rosapi/SetParamResponse.h, /home/pranjal/ws_moveit/devel/include/rosapi/SetParamResponse.h)
Linked: (/home/pranjal/ws_moveit/devel/.private/rosapi/include/rosapi/TopicTypeRequest.h, /home/pranjal/ws_moveit/devel/include/rosapi/TopicTypeRequest.h)
Linked: (/home/pranjal/ws_moveit/devel/.private/rosapi/include/rosapi/SearchParam.h, /home/pranjal/ws_moveit/devel/include/rosapi/SearchParam.h)
Linked: (/home/pranjal/ws_moveit/devel/.private/rosapi/include/rosapi/TopicsAndRawTypes.h, /home/pranjal/ws_moveit/devel/include/rosapi/TopicsAndRawTypes.h)
Linked: (/home/pranjal/ws_moveit/devel/.private/rosapi/include/rosapi/TopicsForType.h, /home/pranjal/ws_moveit/devel/include/rosapi/TopicsForType.h)
Linked: (/home/pranjal/ws_moveit/devel/.private/rosapi/include/rosapi/NodeDetailsResponse.h, /home/pranjal/ws_moveit/devel/include/rosapi/NodeDetailsResponse.h)
Linked: (/home/pranjal/ws_moveit/devel/.private/rosapi/include/rosapi/TopicsAndRawTypesResponse.h, /home/pranjal/ws_moveit/devel/include/rosapi/TopicsAndRawTypesResponse.h)
Linked: (/home/pranjal/ws_moveit/devel/.private/rosapi/include/rosapi/ServiceHost.h, /home/pranjal/ws_moveit/devel/include/rosapi/ServiceHost.h)
Linked: (/home/pranjal/ws_moveit/devel/.private/rosapi/include/rosapi/NodesRequest.h, /home/pranjal/ws_moveit/devel/include/rosapi/NodesRequest.h)
Linked: (/home/pranjal/ws_moveit/devel/.private/rosapi/include/rosapi/ServiceProviders.h, /home/pranjal/ws_moveit/devel/include/rosapi/ServiceProviders.h)
Linked: (/home/pranjal/ws_moveit/devel/.private/rosapi/include/rosapi/Services.h, /home/pranjal/ws_moveit/devel/include/rosapi/Services.h)
Linked: (/home/pranjal/ws_moveit/devel/.private/rosapi/include/rosapi/TopicsForTypeRequest.h, /home/pranjal/ws_moveit/devel/include/rosapi/TopicsForTypeRequest.h)
Linked: (/home/pranjal/ws_moveit/devel/.private/rosapi/include/rosapi/HasParam.h, /home/pranjal/ws_moveit/devel/include/rosapi/HasParam.h)
Linked: (/home/pranjal/ws_moveit/devel/.private/rosapi/include/rosapi/NodeDetailsRequest.h, /home/pranjal/ws_moveit/devel/include/rosapi/NodeDetailsRequest.h)
Linked: (/home/pranjal/ws_moveit/devel/.private/rosapi/include/rosapi/MessageDetails.h, /home/pranjal/ws_moveit/devel/include/rosapi/MessageDetails.h)
Linked: (/home/pranjal/ws_moveit/devel/.private/rosapi/include/rosapi/ServiceRequestDetails.h, /home/pranjal/ws_moveit/devel/include/rosapi/ServiceRequestDetails.h)
Linked: (/home/pranjal/ws_moveit/devel/.private/rosapi/include/rosapi/GetParamResponse.h, /home/pranjal/ws_moveit/devel/include/rosapi/GetParamResponse.h)
Linked: (/home/pranjal/ws_moveit/devel/.private/rosapi/include/rosapi/ServiceTypeRequest.h, /home/pranjal/ws_moveit/devel/include/rosapi/ServiceTypeRequest.h)
Linked: (/home/pranjal/ws_moveit/devel/.private/rosapi/include/rosapi/ServiceRequestDetailsRequest.h, /home/pranjal/ws_moveit/devel/include/rosapi/ServiceRequestDetailsRequest.h)
Linked: (/home/pranjal/ws_moveit/devel/.private/rosapi/include/rosapi/TopicsRequest.h, /home/pranjal/ws_moveit/devel/include/rosapi/TopicsRequest.h)
Linked: (/home/pranjal/ws_moveit/devel/.private/rosapi/include/rosapi/DeleteParam.h, /home/pranjal/ws_moveit/devel/include/rosapi/DeleteParam.h)
Linked: (/home/pranjal/ws_moveit/devel/.private/rosapi/include/rosapi/HasParamResponse.h, /home/pranjal/ws_moveit/devel/include/rosapi/HasParamResponse.h)
Linked: (/home/pranjal/ws_moveit/devel/.private/rosapi/include/rosapi/GetTimeRequest.h, /home/pranjal/ws_moveit/devel/include/rosapi/GetTimeRequest.h)
Linked: (/home/pranjal/ws_moveit/devel/.private/rosapi/include/rosapi/ServicesResponse.h, /home/pranjal/ws_moveit/devel/include/rosapi/ServicesResponse.h)
Linked: (/home/pranjal/ws_moveit/devel/.private/rosapi/include/rosapi/SetParam.h, /home/pranjal/ws_moveit/devel/include/rosapi/SetParam.h)
Linked: (/home/pranjal/ws_moveit/devel/.private/rosapi/include/rosapi/Subscribers.h, /home/pranjal/ws_moveit/devel/include/rosapi/Subscribers.h)
Linked: (/home/pranjal/ws_moveit/devel/.private/rosapi/include/rosapi/GetTimeResponse.h, /home/pranjal/ws_moveit/devel/include/rosapi/GetTimeResponse.h)
Linked: (/home/pranjal/ws_moveit/devel/.private/rosapi/include/rosapi/MessageDetailsRequest.h, /home/pranjal/ws_moveit/devel/include/rosapi/MessageDetailsRequest.h)
Linked: (/home/pranjal/ws_moveit/devel/.private/rosapi/include/rosapi/ServiceHostRequest.h, /home/pranjal/ws_moveit/devel/include/rosapi/ServiceHostRequest.h)
Linked: (/home/pranjal/ws_moveit/devel/.private/rosapi/include/rosapi/GetTime.h, /home/pranjal/ws_moveit/devel/include/rosapi/GetTime.h)
Linked: (/home/pranjal/ws_moveit/devel/.private/rosapi/include/rosapi/TypeDef.h, /home/pranjal/ws_moveit/devel/include/rosapi/TypeDef.h)
Linked: (/home/pranjal/ws_moveit/devel/.private/rosapi/include/rosapi/Topics.h, /home/pranjal/ws_moveit/devel/include/rosapi/Topics.h)
Linked: (/home/pranjal/ws_moveit/devel/.private/rosapi/include/rosapi/GetParamNamesResponse.h, /home/pranjal/ws_moveit/devel/include/rosapi/GetParamNamesResponse.h)
Linked: (/home/pranjal/ws_moveit/devel/.private/rosapi/include/rosapi/ServicesForTypeRequest.h, /home/pranjal/ws_moveit/devel/include/rosapi/ServicesForTypeRequest.h)
Linked: (/home/pranjal/ws_moveit/devel/.private/rosapi/include/rosapi/SubscribersRequest.h, /home/pranjal/ws_moveit/devel/include/rosapi/SubscribersRequest.h)
Linked: (/home/pranjal/ws_moveit/devel/.private/rosapi/include/rosapi/TopicsForTypeResponse.h, /home/pranjal/ws_moveit/devel/include/rosapi/TopicsForTypeResponse.h)
Linked: (/home/pranjal/ws_moveit/devel/.private/rosapi/include/rosapi/ServicesRequest.h, /home/pranjal/ws_moveit/devel/include/rosapi/ServicesRequest.h)
Linked: (/home/pranjal/ws_moveit/devel/.private/rosapi/include/rosapi/TopicsAndRawTypesRequest.h, /home/pranjal/ws_moveit/devel/include/rosapi/TopicsAndRawTypesRequest.h)
Linked: (/home/pranjal/ws_moveit/devel/.private/rosapi/include/rosapi/HasParamRequest.h, /home/pranjal/ws_moveit/devel/include/rosapi/HasParamRequest.h)
Linked: (/home/pranjal/ws_moveit/devel/.private/rosapi/include/rosapi/DeleteParamRequest.h, /home/pranjal/ws_moveit/devel/include/rosapi/DeleteParamRequest.h)
Linked: (/home/pranjal/ws_moveit/devel/.private/rosapi/include/rosapi/TopicType.h, /home/pranjal/ws_moveit/devel/include/rosapi/TopicType.h)
Linked: (/home/pranjal/ws_moveit/devel/.private/rosapi/include/rosapi/GetParamNamesRequest.h, /home/pranjal/ws_moveit/devel/include/rosapi/GetParamNamesRequest.h)
Linked: (/home/pranjal/ws_moveit/devel/.private/rosapi/include/rosapi/PublishersRequest.h, /home/pranjal/ws_moveit/devel/include/rosapi/PublishersRequest.h)
Linked: (/home/pranjal/ws_moveit/devel/.private/rosapi/include/rosapi/SearchParamRequest.h, /home/pranjal/ws_moveit/devel/include/rosapi/SearchParamRequest.h)
Linked: (/home/pranjal/ws_moveit/devel/.private/rosapi/include/rosapi/MessageDetailsResponse.h, /home/pranjal/ws_moveit/devel/include/rosapi/MessageDetailsResponse.h)
Linked: (/home/pranjal/ws_moveit/devel/.private/rosapi/include/rosapi/ServiceResponseDetails.h, /home/pranjal/ws_moveit/devel/include/rosapi/ServiceResponseDetails.h)
Linked: (/home/pranjal/ws_moveit/devel/.private/rosapi/include/rosapi/GetActionServersResponse.h, /home/pranjal/ws_moveit/devel/include/rosapi/GetActionServersResponse.h)
Linked: (/home/pranjal/ws_moveit/devel/.private/rosapi/include/rosapi/TopicTypeResponse.h, /home/pranjal/ws_moveit/devel/include/rosapi/TopicTypeResponse.h)
Linked: (/home/pranjal/ws_moveit/devel/.private/rosapi/include/rosapi/ServiceProvidersResponse.h, /home/pranjal/ws_moveit/devel/include/rosapi/ServiceProvidersResponse.h)
Linked: (/home/pranjal/ws_moveit/devel/.private/rosapi/include/rosapi/GetActionServers.h, /home/pranjal/ws_moveit/devel/include/rosapi/GetActionServers.h)
Linked: (/home/pranjal/ws_moveit/devel/.private/rosapi/include/rosapi/ServiceResponseDetailsRequest.h, /home/pranjal/ws_moveit/devel/include/rosapi/ServiceResponseDetailsRequest.h)
Linked: (/home/pranjal/ws_moveit/devel/.private/rosapi/include/rosapi/Publishers.h, /home/pranjal/ws_moveit/devel/include/rosapi/Publishers.h)
Linked: (/home/pranjal/ws_moveit/devel/.private/rosapi/include/rosapi/ServicesForTypeResponse.h, /home/pranjal/ws_moveit/devel/include/rosapi/ServicesForTypeResponse.h)
Linked: (/home/pranjal/ws_moveit/devel/.private/rosapi/include/rosapi/DeleteParamResponse.h, /home/pranjal/ws_moveit/devel/include/rosapi/DeleteParamResponse.h)
Linked: (/home/pranjal/ws_moveit/devel/.private/rosapi/include/rosapi/TopicsResponse.h, /home/pranjal/ws_moveit/devel/include/rosapi/TopicsResponse.h)
Linked: (/home/pranjal/ws_moveit/devel/.private/rosapi/include/rosapi/SearchParamResponse.h, /home/pranjal/ws_moveit/devel/include/rosapi/SearchParamResponse.h)
Linked: (/home/pranjal/ws_moveit/devel/.private/rosapi/include/rosapi/NodeDetails.h, /home/pranjal/ws_moveit/devel/include/rosapi/NodeDetails.h)
Linked: (/home/pranjal/ws_moveit/devel/.private/rosapi/include/rosapi/ServiceHostResponse.h, /home/pranjal/ws_moveit/devel/include/rosapi/ServiceHostResponse.h)
Linked: (/home/pranjal/ws_moveit/devel/.private/rosapi/include/rosapi/NodesResponse.h, /home/pranjal/ws_moveit/devel/include/rosapi/NodesResponse.h)
Linked: (/home/pranjal/ws_moveit/devel/.private/rosapi/include/rosapi/ServicesForType.h, /home/pranjal/ws_moveit/devel/include/rosapi/ServicesForType.h)
Linked: (/home/pranjal/ws_moveit/devel/.private/rosapi/include/rosapi/ServiceNode.h, /home/pranjal/ws_moveit/devel/include/rosapi/ServiceNode.h)
Linked: (/home/pranjal/ws_moveit/devel/.private/rosapi/include/rosapi/ServiceTypeResponse.h, /home/pranjal/ws_moveit/devel/include/rosapi/ServiceTypeResponse.h)
Linked: (/home/pranjal/ws_moveit/devel/.private/rosapi/include/rosapi/ServiceNodeResponse.h, /home/pranjal/ws_moveit/devel/include/rosapi/ServiceNodeResponse.h)
Linked: (/home/pranjal/ws_moveit/devel/.private/rosapi/include/rosapi/ServiceProvidersRequest.h, /home/pranjal/ws_moveit/devel/include/rosapi/ServiceProvidersRequest.h)
Linked: (/home/pranjal/ws_moveit/devel/.private/rosapi/include/rosapi/SubscribersResponse.h, /home/pranjal/ws_moveit/devel/include/rosapi/SubscribersResponse.h)
Linked: (/home/pranjal/ws_moveit/devel/.private/rosapi/include/rosapi/Nodes.h, /home/pranjal/ws_moveit/devel/include/rosapi/Nodes.h)
Linked: (/home/pranjal/ws_moveit/devel/.private/rosapi/include/rosapi/ServiceRequestDetailsResponse.h, /home/pranjal/ws_moveit/devel/include/rosapi/ServiceRequestDetailsResponse.h)
Linked: (/home/pranjal/ws_moveit/devel/.private/rosapi/include/rosapi/GetParamRequest.h, /home/pranjal/ws_moveit/devel/include/rosapi/GetParamRequest.h)
Linked: (/home/pranjal/ws_moveit/devel/.private/rosapi/include/rosapi/GetParam.h, /home/pranjal/ws_moveit/devel/include/rosapi/GetParam.h)
Linked: (/home/pranjal/ws_moveit/devel/.private/rosapi/include/rosapi/ServiceResponseDetailsResponse.h, /home/pranjal/ws_moveit/devel/include/rosapi/ServiceResponseDetailsResponse.h)
Linked: (/home/pranjal/ws_moveit/devel/.private/rosapi/include/rosapi/GetParamNames.h, /home/pranjal/ws_moveit/devel/include/rosapi/GetParamNames.h)
Linked: (/home/pranjal/ws_moveit/devel/.private/rosapi/include/rosapi/GetActionServersRequest.h, /home/pranjal/ws_moveit/devel/include/rosapi/GetActionServersRequest.h)
Linked: (/home/pranjal/ws_moveit/devel/.private/rosapi/include/rosapi/PublishersResponse.h, /home/pranjal/ws_moveit/devel/include/rosapi/PublishersResponse.h)
Linked: (/home/pranjal/ws_moveit/devel/.private/rosapi/include/rosapi/ServiceNodeRequest.h, /home/pranjal/ws_moveit/devel/include/rosapi/ServiceNodeRequest.h)
Linked: (/home/pranjal/ws_moveit/devel/.private/rosapi/share/gennodejs/ros/rosapi/_index.js, /home/pranjal/ws_moveit/devel/share/gennodejs/ros/rosapi/_index.js)
Linked: (/home/pranjal/ws_moveit/devel/.private/rosapi/share/gennodejs/ros/rosapi/srv/ServiceProviders.js, /home/pranjal/ws_moveit/devel/share/gennodejs/ros/rosapi/srv/ServiceProviders.js)
Linked: (/home/pranjal/ws_moveit/devel/.private/rosapi/share/gennodejs/ros/rosapi/srv/ServicesForType.js, /home/pranjal/ws_moveit/devel/share/gennodejs/ros/rosapi/srv/ServicesForType.js)
Linked: (/home/pranjal/ws_moveit/devel/.private/rosapi/share/gennodejs/ros/rosapi/srv/ServiceHost.js, /home/pranjal/ws_moveit/devel/share/gennodejs/ros/rosapi/srv/ServiceHost.js)
Linked: (/home/pranjal/ws_moveit/devel/.private/rosapi/share/gennodejs/ros/rosapi/srv/GetTime.js, /home/pranjal/ws_moveit/devel/share/gennodejs/ros/rosapi/srv/GetTime.js)
Linked: (/home/pranjal/ws_moveit/devel/.private/rosapi/share/gennodejs/ros/rosapi/srv/TopicsForType.js, /home/pranjal/ws_moveit/devel/share/gennodejs/ros/rosapi/srv/TopicsForType.js)
Linked: (/home/pranjal/ws_moveit/devel/.private/rosapi/share/gennodejs/ros/rosapi/srv/Topics.js, /home/pranjal/ws_moveit/devel/share/gennodejs/ros/rosapi/srv/Topics.js)
Linked: (/home/pranjal/ws_moveit/devel/.private/rosapi/share/gennodejs/ros/rosapi/srv/Publishers.js, /home/pranjal/ws_moveit/devel/share/gennodejs/ros/rosapi/srv/Publishers.js)
Linked: (/home/pranjal/ws_moveit/devel/.private/rosapi/share/gennodejs/ros/rosapi/srv/GetParam.js, /home/pranjal/ws_moveit/devel/share/gennodejs/ros/rosapi/srv/GetParam.js)
Linked: (/home/pranjal/ws_moveit/devel/.private/rosapi/share/gennodejs/ros/rosapi/srv/MessageDetails.js, /home/pranjal/ws_moveit/devel/share/gennodejs/ros/rosapi/srv/MessageDetails.js)
Linked: (/home/pranjal/ws_moveit/devel/.private/rosapi/share/gennodejs/ros/rosapi/srv/GetActionServers.js, /home/pranjal/ws_moveit/devel/share/gennodejs/ros/rosapi/srv/GetActionServers.js)
Linked: (/home/pranjal/ws_moveit/devel/.private/rosapi/share/gennodejs/ros/rosapi/srv/GetParamNames.js, /home/pranjal/ws_moveit/devel/share/gennodejs/ros/rosapi/srv/GetParamNames.js)
Linked: (/home/pranjal/ws_moveit/devel/.private/rosapi/share/gennodejs/ros/rosapi/srv/Subscribers.js, /home/pranjal/ws_moveit/devel/share/gennodejs/ros/rosapi/srv/Subscribers.js)
Linked: (/home/pranjal/ws_moveit/devel/.private/rosapi/share/gennodejs/ros/rosapi/srv/ServiceNode.js, /home/pranjal/ws_moveit/devel/share/gennodejs/ros/rosapi/srv/ServiceNode.js)
Linked: (/home/pranjal/ws_moveit/devel/.private/rosapi/share/gennodejs/ros/rosapi/srv/TopicType.js, /home/pranjal/ws_moveit/devel/share/gennodejs/ros/rosapi/srv/TopicType.js)
Linked: (/home/pranjal/ws_moveit/devel/.private/rosapi/share/gennodejs/ros/rosapi/srv/HasParam.js, /home/pranjal/ws_moveit/devel/share/gennodejs/ros/rosapi/srv/HasParam.js)
Linked: (/home/pranjal/ws_moveit/devel/.private/rosapi/share/gennodejs/ros/rosapi/srv/ServiceType.js, /home/pranjal/ws_moveit/devel/share/gennodejs/ros/rosapi/srv/ServiceType.js)
Linked: (/home/pranjal/ws_moveit/devel/.private/rosapi/share/gennodejs/ros/rosapi/srv/Services.js, /home/pranjal/ws_moveit/devel/share/gennodejs/ros/rosapi/srv/Services.js)
Linked: (/home/pranjal/ws_moveit/devel/.private/rosapi/share/gennodejs/ros/rosapi/srv/ServiceRequestDetails.js, /home/pranjal/ws_moveit/devel/share/gennodejs/ros/rosapi/srv/ServiceRequestDetails.js)
Linked: (/home/pranjal/ws_moveit/devel/.private/rosapi/share/gennodejs/ros/rosapi/srv/TopicsAndRawTypes.js, /home/pranjal/ws_moveit/devel/share/gennodejs/ros/rosapi/srv/TopicsAndRawTypes.js)
Linked: (/home/pranjal/ws_moveit/devel/.private/rosapi/share/gennodejs/ros/rosapi/srv/ServiceResponseDetails.js, /home/pranjal/ws_moveit/devel/share/gennodejs/ros/rosapi/srv/ServiceResponseDetails.js)
Linked: (/home/pranjal/ws_moveit/devel/.private/rosapi/share/gennodejs/ros/rosapi/srv/NodeDetails.js, /home/pranjal/ws_moveit/devel/share/gennodejs/ros/rosapi/srv/NodeDetails.js)
Linked: (/home/pranjal/ws_moveit/devel/.private/rosapi/share/gennodejs/ros/rosapi/srv/SetParam.js, /home/pranjal/ws_moveit/devel/share/gennodejs/ros/rosapi/srv/SetParam.js)
Linked: (/home/pranjal/ws_moveit/devel/.private/rosapi/share/gennodejs/ros/rosapi/srv/Nodes.js, /home/pranjal/ws_moveit/devel/share/gennodejs/ros/rosapi/srv/Nodes.js)
Linked: (/home/pranjal/ws_moveit/devel/.private/rosapi/share/gennodejs/ros/rosapi/srv/DeleteParam.js, /home/pranjal/ws_moveit/devel/share/gennodejs/ros/rosapi/srv/DeleteParam.js)
Linked: (/home/pranjal/ws_moveit/devel/.private/rosapi/share/gennodejs/ros/rosapi/srv/_index.js, /home/pranjal/ws_moveit/devel/share/gennodejs/ros/rosapi/srv/_index.js)
Linked: (/home/pranjal/ws_moveit/devel/.private/rosapi/share/gennodejs/ros/rosapi/srv/SearchParam.js, /home/pranjal/ws_moveit/devel/share/gennodejs/ros/rosapi/srv/SearchParam.js)
Linked: (/home/pranjal/ws_moveit/devel/.private/rosapi/share/gennodejs/ros/rosapi/msg/TypeDef.js, /home/pranjal/ws_moveit/devel/share/gennodejs/ros/rosapi/msg/TypeDef.js)
Linked: (/home/pranjal/ws_moveit/devel/.private/rosapi/share/gennodejs/ros/rosapi/msg/_index.js, /home/pranjal/ws_moveit/devel/share/gennodejs/ros/rosapi/msg/_index.js)
Linked: (/home/pranjal/ws_moveit/devel/.private/rosapi/share/roseus/ros/rosapi/manifest.l, /home/pranjal/ws_moveit/devel/share/roseus/ros/rosapi/manifest.l)
Linked: (/home/pranjal/ws_moveit/devel/.private/rosapi/share/roseus/ros/rosapi/srv/DeleteParam.l, /home/pranjal/ws_moveit/devel/share/roseus/ros/rosapi/srv/DeleteParam.l)
Linked: (/home/pranjal/ws_moveit/devel/.private/rosapi/share/roseus/ros/rosapi/srv/Topics.l, /home/pranjal/ws_moveit/devel/share/roseus/ros/rosapi/srv/Topics.l)
Linked: (/home/pranjal/ws_moveit/devel/.private/rosapi/share/roseus/ros/rosapi/srv/GetActionServers.l, /home/pranjal/ws_moveit/devel/share/roseus/ros/rosapi/srv/GetActionServers.l)
Linked: (/home/pranjal/ws_moveit/devel/.private/rosapi/share/roseus/ros/rosapi/srv/Services.l, /home/pranjal/ws_moveit/devel/share/roseus/ros/rosapi/srv/Services.l)
Linked: (/home/pranjal/ws_moveit/devel/.private/rosapi/share/roseus/ros/rosapi/srv/NodeDetails.l, /home/pranjal/ws_moveit/devel/share/roseus/ros/rosapi/srv/NodeDetails.l)
Linked: (/home/pranjal/ws_moveit/devel/.private/rosapi/share/roseus/ros/rosapi/srv/Publishers.l, /home/pranjal/ws_moveit/devel/share/roseus/ros/rosapi/srv/Publishers.l)
Linked: (/home/pranjal/ws_moveit/devel/.private/rosapi/share/roseus/ros/rosapi/srv/TopicsForType.l, /home/pranjal/ws_moveit/devel/share/roseus/ros/rosapi/srv/TopicsForType.l)
Linked: (/home/pranjal/ws_moveit/devel/.private/rosapi/share/roseus/ros/rosapi/srv/Subscribers.l, /home/pranjal/ws_moveit/devel/share/roseus/ros/rosapi/srv/Subscribers.l)
Linked: (/home/pranjal/ws_moveit/devel/.private/rosapi/share/roseus/ros/rosapi/srv/ServiceRequestDetails.l, /home/pranjal/ws_moveit/devel/share/roseus/ros/rosapi/srv/ServiceRequestDetails.l)
Linked: (/home/pranjal/ws_moveit/devel/.private/rosapi/share/roseus/ros/rosapi/srv/HasParam.l, /home/pranjal/ws_moveit/devel/share/roseus/ros/rosapi/srv/HasParam.l)
Linked: (/home/pranjal/ws_moveit/devel/.private/rosapi/share/roseus/ros/rosapi/srv/ServiceResponseDetails.l, /home/pranjal/ws_moveit/devel/share/roseus/ros/rosapi/srv/ServiceResponseDetails.l)
Linked: (/home/pranjal/ws_moveit/devel/.private/rosapi/share/roseus/ros/rosapi/srv/GetParamNames.l, /home/pranjal/ws_moveit/devel/share/roseus/ros/rosapi/srv/GetParamNames.l)
Linked: (/home/pranjal/ws_moveit/devel/.private/rosapi/share/roseus/ros/rosapi/srv/ServiceNode.l, /home/pranjal/ws_moveit/devel/share/roseus/ros/rosapi/srv/ServiceNode.l)
Linked: (/home/pranjal/ws_moveit/devel/.private/rosapi/share/roseus/ros/rosapi/srv/Nodes.l, /home/pranjal/ws_moveit/devel/share/roseus/ros/rosapi/srv/Nodes.l)
Linked: (/home/pranjal/ws_moveit/devel/.private/rosapi/share/roseus/ros/rosapi/srv/TopicsAndRawTypes.l, /home/pranjal/ws_moveit/devel/share/roseus/ros/rosapi/srv/TopicsAndRawTypes.l)
Linked: (/home/pranjal/ws_moveit/devel/.private/rosapi/share/roseus/ros/rosapi/srv/MessageDetails.l, /home/pranjal/ws_moveit/devel/share/roseus/ros/rosapi/srv/MessageDetails.l)
Linked: (/home/pranjal/ws_moveit/devel/.private/rosapi/share/roseus/ros/rosapi/srv/TopicType.l, /home/pranjal/ws_moveit/devel/share/roseus/ros/rosapi/srv/TopicType.l)
Linked: (/home/pranjal/ws_moveit/devel/.private/rosapi/share/roseus/ros/rosapi/srv/GetParam.l, /home/pranjal/ws_moveit/devel/share/roseus/ros/rosapi/srv/GetParam.l)
Linked: (/home/pranjal/ws_moveit/devel/.private/rosapi/share/roseus/ros/rosapi/srv/ServiceType.l, /home/pranjal/ws_moveit/devel/share/roseus/ros/rosapi/srv/ServiceType.l)
Linked: (/home/pranjal/ws_moveit/devel/.private/rosapi/share/roseus/ros/rosapi/srv/ServiceProviders.l, /home/pranjal/ws_moveit/devel/share/roseus/ros/rosapi/srv/ServiceProviders.l)
Linked: (/home/pranjal/ws_moveit/devel/.private/rosapi/share/roseus/ros/rosapi/srv/ServicesForType.l, /home/pranjal/ws_moveit/devel/share/roseus/ros/rosapi/srv/ServicesForType.l)
Linked: (/home/pranjal/ws_moveit/devel/.private/rosapi/share/roseus/ros/rosapi/srv/GetTime.l, /home/pranjal/ws_moveit/devel/share/roseus/ros/rosapi/srv/GetTime.l)
Linked: (/home/pranjal/ws_moveit/devel/.private/rosapi/share/roseus/ros/rosapi/srv/SetParam.l, /home/pranjal/ws_moveit/devel/share/roseus/ros/rosapi/srv/SetParam.l)
Linked: (/home/pranjal/ws_moveit/devel/.private/rosapi/share/roseus/ros/rosapi/srv/SearchParam.l, /home/pranjal/ws_moveit/devel/share/roseus/ros/rosapi/srv/SearchParam.l)
Linked: (/home/pranjal/ws_moveit/devel/.private/rosapi/share/roseus/ros/rosapi/srv/ServiceHost.l, /home/pranjal/ws_moveit/devel/share/roseus/ros/rosapi/srv/ServiceHost.l)
Linked: (/home/pranjal/ws_moveit/devel/.private/rosapi/share/roseus/ros/rosapi/msg/TypeDef.l, /home/pranjal/ws_moveit/devel/share/roseus/ros/rosapi/msg/TypeDef.l)
Linked: (/home/pranjal/ws_moveit/devel/.private/rosapi/share/rosapi/cmake/rosapi-msg-paths.cmake, /home/pranjal/ws_moveit/devel/share/rosapi/cmake/rosapi-msg-paths.cmake)
Linked: (/home/pranjal/ws_moveit/devel/.private/rosapi/share/rosapi/cmake/rosapiConfig-version.cmake, /home/pranjal/ws_moveit/devel/share/rosapi/cmake/rosapiConfig-version.cmake)
Linked: (/home/pranjal/ws_moveit/devel/.private/rosapi/share/rosapi/cmake/rosapiConfig.cmake, /home/pranjal/ws_moveit/devel/share/rosapi/cmake/rosapiConfig.cmake)
Linked: (/home/pranjal/ws_moveit/devel/.private/rosapi/share/rosapi/cmake/rosapi-msg-extras.cmake, /home/pranjal/ws_moveit/devel/share/rosapi/cmake/rosapi-msg-extras.cmake)
Linked: (/home/pranjal/ws_moveit/devel/.private/rosapi/share/common-lisp/ros/rosapi/srv/_package_GetParamNames.lisp, /home/pranjal/ws_moveit/devel/share/common-lisp/ros/rosapi/srv/_package_GetParamNames.lisp)
Linked: (/home/pranjal/ws_moveit/devel/.private/rosapi/share/common-lisp/ros/rosapi/srv/_package_ServiceRequestDetails.lisp, /home/pranjal/ws_moveit/devel/share/common-lisp/ros/rosapi/srv/_package_ServiceRequestDetails.lisp)
Linked: (/home/pranjal/ws_moveit/devel/.private/rosapi/share/common-lisp/ros/rosapi/srv/GetParamNames.lisp, /home/pranjal/ws_moveit/devel/share/common-lisp/ros/rosapi/srv/GetParamNames.lisp)
Linked: (/home/pranjal/ws_moveit/devel/.private/rosapi/share/common-lisp/ros/rosapi/srv/SearchParam.lisp, /home/pranjal/ws_moveit/devel/share/common-lisp/ros/rosapi/srv/SearchParam.lisp)
Linked: (/home/pranjal/ws_moveit/devel/.private/rosapi/share/common-lisp/ros/rosapi/srv/_package_HasParam.lisp, /home/pranjal/ws_moveit/devel/share/common-lisp/ros/rosapi/srv/_package_HasParam.lisp)
Linked: (/home/pranjal/ws_moveit/devel/.private/rosapi/share/common-lisp/ros/rosapi/srv/_package_Subscribers.lisp, /home/pranjal/ws_moveit/devel/share/common-lisp/ros/rosapi/srv/_package_Subscribers.lisp)
Linked: (/home/pranjal/ws_moveit/devel/.private/rosapi/share/common-lisp/ros/rosapi/srv/ServiceNode.lisp, /home/pranjal/ws_moveit/devel/share/common-lisp/ros/rosapi/srv/ServiceNode.lisp)
Linked: (/home/pranjal/ws_moveit/devel/.private/rosapi/share/common-lisp/ros/rosapi/srv/_package_Nodes.lisp, /home/pranjal/ws_moveit/devel/share/common-lisp/ros/rosapi/srv/_package_Nodes.lisp)
Linked: (/home/pranjal/ws_moveit/devel/.private/rosapi/share/common-lisp/ros/rosapi/srv/rosapi-srv.asd, /home/pranjal/ws_moveit/devel/share/common-lisp/ros/rosapi/srv/rosapi-srv.asd)
Linked: (/home/pranjal/ws_moveit/devel/.private/rosapi/share/common-lisp/ros/rosapi/srv/_package_TopicsAndRawTypes.lisp, /home/pranjal/ws_moveit/devel/share/common-lisp/ros/rosapi/srv/_package_TopicsAndRawTypes.lisp)
Linked: (/home/pranjal/ws_moveit/devel/.private/rosapi/share/common-lisp/ros/rosapi/srv/GetTime.lisp, /home/pranjal/ws_moveit/devel/share/common-lisp/ros/rosapi/srv/GetTime.lisp)
Linked: (/home/pranjal/ws_moveit/devel/.private/rosapi/share/common-lisp/ros/rosapi/srv/Topics.lisp, /home/pranjal/ws_moveit/devel/share/common-lisp/ros/rosapi/srv/Topics.lisp)
Linked: (/home/pranjal/ws_moveit/devel/.private/rosapi/share/common-lisp/ros/rosapi/srv/_package.lisp, /home/pranjal/ws_moveit/devel/share/common-lisp/ros/rosapi/srv/_package.lisp)
Linked: (/home/pranjal/ws_moveit/devel/.private/rosapi/share/common-lisp/ros/rosapi/srv/_package_MessageDetails.lisp, /home/pranjal/ws_moveit/devel/share/common-lisp/ros/rosapi/srv/_package_MessageDetails.lisp)
Linked: (/home/pranjal/ws_moveit/devel/.private/rosapi/share/common-lisp/ros/rosapi/srv/_package_Publishers.lisp, /home/pranjal/ws_moveit/devel/share/common-lisp/ros/rosapi/srv/_package_Publishers.lisp)
Linked: (/home/pranjal/ws_moveit/devel/.private/rosapi/share/common-lisp/ros/rosapi/srv/Publishers.lisp, /home/pranjal/ws_moveit/devel/share/common-lisp/ros/rosapi/srv/Publishers.lisp)
Linked: (/home/pranjal/ws_moveit/devel/.private/rosapi/share/common-lisp/ros/rosapi/srv/SetParam.lisp, /home/pranjal/ws_moveit/devel/share/common-lisp/ros/rosapi/srv/SetParam.lisp)
Linked: (/home/pranjal/ws_moveit/devel/.private/rosapi/share/common-lisp/ros/rosapi/srv/TopicsAndRawTypes.lisp, /home/pranjal/ws_moveit/devel/share/common-lisp/ros/rosapi/srv/TopicsAndRawTypes.lisp)
Linked: (/home/pranjal/ws_moveit/devel/.private/rosapi/share/common-lisp/ros/rosapi/srv/_package_ServiceProviders.lisp, /home/pranjal/ws_moveit/devel/share/common-lisp/ros/rosapi/srv/_package_ServiceProviders.lisp)
Linked: (/home/pranjal/ws_moveit/devel/.private/rosapi/share/common-lisp/ros/rosapi/srv/Services.lisp, /home/pranjal/ws_moveit/devel/share/common-lisp/ros/rosapi/srv/Services.lisp)
Linked: (/home/pranjal/ws_moveit/devel/.private/rosapi/share/common-lisp/ros/rosapi/srv/_package_Topics.lisp, /home/pranjal/ws_moveit/devel/share/common-lisp/ros/rosapi/srv/_package_Topics.lisp)
Linked: (/home/pranjal/ws_moveit/devel/.private/rosapi/share/common-lisp/ros/rosapi/srv/_package_ServiceNode.lisp, /home/pranjal/ws_moveit/devel/share/common-lisp/ros/rosapi/srv/_package_ServiceNode.lisp)
Linked: (/home/pranjal/ws_moveit/devel/.private/rosapi/share/common-lisp/ros/rosapi/srv/NodeDetails.lisp, /home/pranjal/ws_moveit/devel/share/common-lisp/ros/rosapi/srv/NodeDetails.lisp)
Linked: (/home/pranjal/ws_moveit/devel/.private/rosapi/share/common-lisp/ros/rosapi/srv/TopicsForType.lisp, /home/pranjal/ws_moveit/devel/share/common-lisp/ros/rosapi/srv/TopicsForType.lisp)
Linked: (/home/pranjal/ws_moveit/devel/.private/rosapi/share/common-lisp/ros/rosapi/srv/_package_ServiceResponseDetails.lisp, /home/pranjal/ws_moveit/devel/share/common-lisp/ros/rosapi/srv/_package_ServiceResponseDetails.lisp)
Linked: (/home/pranjal/ws_moveit/devel/.private/rosapi/share/common-lisp/ros/rosapi/srv/_package_TopicType.lisp, /home/pranjal/ws_moveit/devel/share/common-lisp/ros/rosapi/srv/_package_TopicType.lisp)
Linked: (/home/pranjal/ws_moveit/devel/.private/rosapi/share/common-lisp/ros/rosapi/srv/_package_GetTime.lisp, /home/pranjal/ws_moveit/devel/share/common-lisp/ros/rosapi/srv/_package_GetTime.lisp)
Linked: (/home/pranjal/ws_moveit/devel/.private/rosapi/share/common-lisp/ros/rosapi/srv/_package_GetParam.lisp, /home/pranjal/ws_moveit/devel/share/common-lisp/ros/rosapi/srv/_package_GetParam.lisp)
Linked: (/home/pranjal/ws_moveit/devel/.private/rosapi/share/common-lisp/ros/rosapi/srv/_package_NodeDetails.lisp, /home/pranjal/ws_moveit/devel/share/common-lisp/ros/rosapi/srv/_package_NodeDetails.lisp)
Linked: (/home/pranjal/ws_moveit/devel/.private/rosapi/share/common-lisp/ros/rosapi/srv/HasParam.lisp, /home/pranjal/ws_moveit/devel/share/common-lisp/ros/rosapi/srv/HasParam.lisp)
Linked: (/home/pranjal/ws_moveit/devel/.private/rosapi/share/common-lisp/ros/rosapi/srv/_package_Services.lisp, /home/pranjal/ws_moveit/devel/share/common-lisp/ros/rosapi/srv/_package_Services.lisp)
Linked: (/home/pranjal/ws_moveit/devel/.private/rosapi/share/common-lisp/ros/rosapi/srv/_package_SetParam.lisp, /home/pranjal/ws_moveit/devel/share/common-lisp/ros/rosapi/srv/_package_SetParam.lisp)
Linked: (/home/pranjal/ws_moveit/devel/.private/rosapi/share/common-lisp/ros/rosapi/srv/GetActionServers.lisp, /home/pranjal/ws_moveit/devel/share/common-lisp/ros/rosapi/srv/GetActionServers.lisp)
Linked: (/home/pranjal/ws_moveit/devel/.private/rosapi/share/common-lisp/ros/rosapi/srv/Subscribers.lisp, /home/pranjal/ws_moveit/devel/share/common-lisp/ros/rosapi/srv/Subscribers.lisp)
Linked: (/home/pranjal/ws_moveit/devel/.private/rosapi/share/common-lisp/ros/rosapi/srv/TopicType.lisp, /home/pranjal/ws_moveit/devel/share/common-lisp/ros/rosapi/srv/TopicType.lisp)
Linked: (/home/pranjal/ws_moveit/devel/.private/rosapi/share/common-lisp/ros/rosapi/srv/ServiceResponseDetails.lisp, /home/pranjal/ws_moveit/devel/share/common-lisp/ros/rosapi/srv/ServiceResponseDetails.lisp)
Linked: (/home/pranjal/ws_moveit/devel/.private/rosapi/share/common-lisp/ros/rosapi/srv/_package_ServiceType.lisp, /home/pranjal/ws_moveit/devel/share/common-lisp/ros/rosapi/srv/_package_ServiceType.lisp)
Linked: (/home/pranjal/ws_moveit/devel/.private/rosapi/share/common-lisp/ros/rosapi/srv/_package_TopicsForType.lisp, /home/pranjal/ws_moveit/devel/share/common-lisp/ros/rosapi/srv/_package_TopicsForType.lisp)
Linked: (/home/pranjal/ws_moveit/devel/.private/rosapi/share/common-lisp/ros/rosapi/srv/_package_ServiceHost.lisp, /home/pranjal/ws_moveit/devel/share/common-lisp/ros/rosapi/srv/_package_ServiceHost.lisp)
Linked: (/home/pranjal/ws_moveit/devel/.private/rosapi/share/common-lisp/ros/rosapi/srv/_package_ServicesForType.lisp, /home/pranjal/ws_moveit/devel/share/common-lisp/ros/rosapi/srv/_package_ServicesForType.lisp)
Linked: (/home/pranjal/ws_moveit/devel/.private/rosapi/share/common-lisp/ros/rosapi/srv/ServiceHost.lisp, /home/pranjal/ws_moveit/devel/share/common-lisp/ros/rosapi/srv/ServiceHost.lisp)
Linked: (/home/pranjal/ws_moveit/devel/.private/rosapi/share/common-lisp/ros/rosapi/srv/MessageDetails.lisp, /home/pranjal/ws_moveit/devel/share/common-lisp/ros/rosapi/srv/MessageDetails.lisp)
Linked: (/home/pranjal/ws_moveit/devel/.private/rosapi/share/common-lisp/ros/rosapi/srv/_package_GetActionServers.lisp, /home/pranjal/ws_moveit/devel/share/common-lisp/ros/rosapi/srv/_package_GetActionServers.lisp)
Linked: (/home/pranjal/ws_moveit/devel/.private/rosapi/share/common-lisp/ros/rosapi/srv/ServiceType.lisp, /home/pranjal/ws_moveit/devel/share/common-lisp/ros/rosapi/srv/ServiceType.lisp)
Linked: (/home/pranjal/ws_moveit/devel/.private/rosapi/share/common-lisp/ros/rosapi/srv/Nodes.lisp, /home/pranjal/ws_moveit/devel/share/common-lisp/ros/rosapi/srv/Nodes.lisp)
Linked: (/home/pranjal/ws_moveit/devel/.private/rosapi/share/common-lisp/ros/rosapi/srv/ServiceRequestDetails.lisp, /home/pranjal/ws_moveit/devel/share/common-lisp/ros/rosapi/srv/ServiceRequestDetails.lisp)
Linked: (/home/pranjal/ws_moveit/devel/.private/rosapi/share/common-lisp/ros/rosapi/srv/GetParam.lisp, /home/pranjal/ws_moveit/devel/share/common-lisp/ros/rosapi/srv/GetParam.lisp)
Linked: (/home/pranjal/ws_moveit/devel/.private/rosapi/share/common-lisp/ros/rosapi/srv/_package_DeleteParam.lisp, /home/pranjal/ws_moveit/devel/share/common-lisp/ros/rosapi/srv/_package_DeleteParam.lisp)
Linked: (/home/pranjal/ws_moveit/devel/.private/rosapi/share/common-lisp/ros/rosapi/srv/_package_SearchParam.lisp, /home/pranjal/ws_moveit/devel/share/common-lisp/ros/rosapi/srv/_package_SearchParam.lisp)
Linked: (/home/pranjal/ws_moveit/devel/.private/rosapi/share/common-lisp/ros/rosapi/srv/DeleteParam.lisp, /home/pranjal/ws_moveit/devel/share/common-lisp/ros/rosapi/srv/DeleteParam.lisp)
Linked: (/home/pranjal/ws_moveit/devel/.private/rosapi/share/common-lisp/ros/rosapi/srv/ServiceProviders.lisp, /home/pranjal/ws_moveit/devel/share/common-lisp/ros/rosapi/srv/ServiceProviders.lisp)
Linked: (/home/pranjal/ws_moveit/devel/.private/rosapi/share/common-lisp/ros/rosapi/srv/ServicesForType.lisp, /home/pranjal/ws_moveit/devel/share/common-lisp/ros/rosapi/srv/ServicesForType.lisp)
Linked: (/home/pranjal/ws_moveit/devel/.private/rosapi/share/common-lisp/ros/rosapi/msg/_package.lisp, /home/pranjal/ws_moveit/devel/share/common-lisp/ros/rosapi/msg/_package.lisp)
Linked: (/home/pranjal/ws_moveit/devel/.private/rosapi/share/common-lisp/ros/rosapi/msg/rosapi-msg.asd, /home/pranjal/ws_moveit/devel/share/common-lisp/ros/rosapi/msg/rosapi-msg.asd)
Linked: (/home/pranjal/ws_moveit/devel/.private/rosapi/share/common-lisp/ros/rosapi/msg/TypeDef.lisp, /home/pranjal/ws_moveit/devel/share/common-lisp/ros/rosapi/msg/TypeDef.lisp)
Linked: (/home/pranjal/ws_moveit/devel/.private/rosapi/share/common-lisp/ros/rosapi/msg/_package_TypeDef.lisp, /home/pranjal/ws_moveit/devel/share/common-lisp/ros/rosapi/msg/_package_TypeDef.lisp)
