Linked: (/home/pranjal/ws_moveit/devel/.private/moveit_ros_planning_interface/lib/libmoveit_planning_scene_interface.so, /home/pranjal/ws_moveit/devel/lib/libmoveit_planning_scene_interface.so)
Linked: (/home/pranjal/ws_moveit/devel/.private/moveit_ros_planning_interface/lib/libmoveit_common_planning_interface_objects.so, /home/pranjal/ws_moveit/devel/lib/libmoveit_common_planning_interface_objects.so)
Linked: (/home/pranjal/ws_moveit/devel/.private/moveit_ros_planning_interface/lib/libmoveit_planning_scene_interface.so.1.1.13, /home/pranjal/ws_moveit/devel/lib/libmoveit_planning_scene_interface.so.1.1.13)
Linked: (/home/pranjal/ws_moveit/devel/.private/moveit_ros_planning_interface/lib/libmoveit_py_bindings_tools.so.1.1.13, /home/pranjal/ws_moveit/devel/lib/libmoveit_py_bindings_tools.so.1.1.13)
Linked: (/home/pranjal/ws_moveit/devel/.private/moveit_ros_planning_interface/lib/libmoveit_common_planning_interface_objects.so.1.1.13, /home/pranjal/ws_moveit/devel/lib/libmoveit_common_planning_interface_objects.so.1.1.13)
Linked: (/home/pranjal/ws_moveit/devel/.private/moveit_ros_planning_interface/lib/libmoveit_py_bindings_tools.so, /home/pranjal/ws_moveit/devel/lib/libmoveit_py_bindings_tools.so)
Linked: (/home/pranjal/ws_moveit/devel/.private/moveit_ros_planning_interface/lib/libmoveit_move_group_interface.so.1.1.13, /home/pranjal/ws_moveit/devel/lib/libmoveit_move_group_interface.so.1.1.13)
Linked: (/home/pranjal/ws_moveit/devel/.private/moveit_ros_planning_interface/lib/libmoveit_move_group_interface.so, /home/pranjal/ws_moveit/devel/lib/libmoveit_move_group_interface.so)
Linked: (/home/pranjal/ws_moveit/devel/.private/moveit_ros_planning_interface/lib/moveit_ros_planning_interface/demo, /home/pranjal/ws_moveit/devel/lib/moveit_ros_planning_interface/demo)
Linked: (/home/pranjal/ws_moveit/devel/.private/moveit_ros_planning_interface/lib/moveit_ros_planning_interface/test_cleanup, /home/pranjal/ws_moveit/devel/lib/moveit_ros_planning_interface/test_cleanup)
Linked: (/home/pranjal/ws_moveit/devel/.private/moveit_ros_planning_interface/lib/pkgconfig/moveit_ros_planning_interface.pc, /home/pranjal/ws_moveit/devel/lib/pkgconfig/moveit_ros_planning_interface.pc)
Linked: (/home/pranjal/ws_moveit/devel/.private/moveit_ros_planning_interface/lib/python3/dist-packages/moveit_ros_planning_interface/_moveit_move_group_interface.so, /home/pranjal/ws_moveit/devel/lib/python3/dist-packages/moveit_ros_planning_interface/_moveit_move_group_interface.so)
Linked: (/home/pranjal/ws_moveit/devel/.private/moveit_ros_planning_interface/lib/python3/dist-packages/moveit_ros_planning_interface/_moveit_planning_interface_test_serialize_msg_cpp_helper.so.1.1.13, /home/pranjal/ws_moveit/devel/lib/python3/dist-packages/moveit_ros_planning_interface/_moveit_planning_interface_test_serialize_msg_cpp_helper.so.1.1.13)
Linked: (/home/pranjal/ws_moveit/devel/.private/moveit_ros_planning_interface/lib/python3/dist-packages/moveit_ros_planning_interface/_moveit_roscpp_initializer.so, /home/pranjal/ws_moveit/devel/lib/python3/dist-packages/moveit_ros_planning_interface/_moveit_roscpp_initializer.so)
Linked: (/home/pranjal/ws_moveit/devel/.private/moveit_ros_planning_interface/lib/python3/dist-packages/moveit_ros_planning_interface/_moveit_robot_interface.so.1.1.13, /home/pranjal/ws_moveit/devel/lib/python3/dist-packages/moveit_ros_planning_interface/_moveit_robot_interface.so.1.1.13)
Linked: (/home/pranjal/ws_moveit/devel/.private/moveit_ros_planning_interface/lib/python3/dist-packages/moveit_ros_planning_interface/_moveit_planning_scene_interface.so.1.1.13, /home/pranjal/ws_moveit/devel/lib/python3/dist-packages/moveit_ros_planning_interface/_moveit_planning_scene_interface.so.1.1.13)
Linked: (/home/pranjal/ws_moveit/devel/.private/moveit_ros_planning_interface/lib/python3/dist-packages/moveit_ros_planning_interface/_moveit_robot_interface.so, /home/pranjal/ws_moveit/devel/lib/python3/dist-packages/moveit_ros_planning_interface/_moveit_robot_interface.so)
Linked: (/home/pranjal/ws_moveit/devel/.private/moveit_ros_planning_interface/lib/python3/dist-packages/moveit_ros_planning_interface/_moveit_move_group_interface.so.1.1.13, /home/pranjal/ws_moveit/devel/lib/python3/dist-packages/moveit_ros_planning_interface/_moveit_move_group_interface.so.1.1.13)
Linked: (/home/pranjal/ws_moveit/devel/.private/moveit_ros_planning_interface/lib/python3/dist-packages/moveit_ros_planning_interface/_moveit_planning_scene_interface.so, /home/pranjal/ws_moveit/devel/lib/python3/dist-packages/moveit_ros_planning_interface/_moveit_planning_scene_interface.so)
Linked: (/home/pranjal/ws_moveit/devel/.private/moveit_ros_planning_interface/lib/python3/dist-packages/moveit_ros_planning_interface/__init__.py, /home/pranjal/ws_moveit/devel/lib/python3/dist-packages/moveit_ros_planning_interface/__init__.py)
Linked: (/home/pranjal/ws_moveit/devel/.private/moveit_ros_planning_interface/lib/python3/dist-packages/moveit_ros_planning_interface/_moveit_planning_interface_test_serialize_msg_cpp_helper.so, /home/pranjal/ws_moveit/devel/lib/python3/dist-packages/moveit_ros_planning_interface/_moveit_planning_interface_test_serialize_msg_cpp_helper.so)
Linked: (/home/pranjal/ws_moveit/devel/.private/moveit_ros_planning_interface/lib/python3/dist-packages/moveit_ros_planning_interface/_moveit_roscpp_initializer.so.1.1.13, /home/pranjal/ws_moveit/devel/lib/python3/dist-packages/moveit_ros_planning_interface/_moveit_roscpp_initializer.so.1.1.13)
Linked: (/home/pranjal/ws_moveit/devel/.private/moveit_ros_planning_interface/share/moveit_ros_planning_interface/cmake/moveit_ros_planning_interfaceConfig-version.cmake, /home/pranjal/ws_moveit/devel/share/moveit_ros_planning_interface/cmake/moveit_ros_planning_interfaceConfig-version.cmake)
Linked: (/home/pranjal/ws_moveit/devel/.private/moveit_ros_planning_interface/share/moveit_ros_planning_interface/cmake/moveit_ros_planning_interfaceConfig.cmake, /home/pranjal/ws_moveit/devel/share/moveit_ros_planning_interface/cmake/moveit_ros_planning_interfaceConfig.cmake)
